INFO - 2023-08-10 02:16:15 --> Session: Class initialized using 'CodeIgniter\Session\Handlers\FileHandler' driver.
INFO - 2023-08-10 02:16:15 --> Session: Class initialized using 'CodeIgniter\Session\Handlers\FileHandler' driver.
INFO - 2023-08-10 02:16:25 --> CSRF token verified.
ERROR - 2023-08-10 02:16:25 --> Error connecting to the database: mysqli_sql_exception: Access denied for user 'id21127089_wiraty'@'localhost' (using password: NO) in F:\WIT\Magang\Projek CI4\ci_crud\system\Database\MySQLi\Connection.php:173
Stack trace:
#0 F:\WIT\Magang\Projek CI4\ci_crud\system\Database\MySQLi\Connection.php(173): mysqli->real_connect('localhost', 'id21127089_wira...', Object(SensitiveParameterValue), 'db_ci4', 3306, '', 0)
#1 F:\WIT\Magang\Projek CI4\ci_crud\system\Database\BaseConnection.php(391): CodeIgniter\Database\MySQLi\Connection->connect(false)
#2 F:\WIT\Magang\Projek CI4\ci_crud\system\Database\BaseConnection.php(574): CodeIgniter\Database\BaseConnection->initialize()
#3 F:\WIT\Magang\Projek CI4\ci_crud\system\Database\BaseBuilder.php(1616): CodeIgniter\Database\BaseConnection->query('SELECT *\nFROM `...', Array, false)
#4 F:\WIT\Magang\Projek CI4\ci_crud\system\Model.php(268): CodeIgniter\Database\BaseBuilder->get()
#5 F:\WIT\Magang\Projek CI4\ci_crud\system\BaseModel.php(656): CodeIgniter\Model->doFirst()
#6 F:\WIT\Magang\Projek CI4\ci_crud\app\Controllers\Login.php(28): CodeIgniter\BaseModel->first()
#7 F:\WIT\Magang\Projek CI4\ci_crud\system\CodeIgniter.php(932): App\Controllers\Login->process()
#8 F:\WIT\Magang\Projek CI4\ci_crud\system\CodeIgniter.php(497): CodeIgniter\CodeIgniter->runController(Object(App\Controllers\Login))
#9 F:\WIT\Magang\Projek CI4\ci_crud\system\CodeIgniter.php(366): CodeIgniter\CodeIgniter->handleRequest(NULL, Object(Config\Cache), false)
#10 F:\WIT\Magang\Projek CI4\ci_crud\public\index.php(67): CodeIgniter\CodeIgniter->run()
#11 F:\WIT\Magang\Projek CI4\ci_crud\system\Commands\Server\rewrite.php(47): require_once('F:\\WIT\\Magang\\P...')
#12 {main}

Next CodeIgniter\Database\Exceptions\DatabaseException: Access denied for user '****'@'localhost' (using password: NO) in F:\WIT\Magang\Projek CI4\ci_crud\system\Database\MySQLi\Connection.php:218
Stack trace:
#0 F:\WIT\Magang\Projek CI4\ci_crud\system\Database\BaseConnection.php(391): CodeIgniter\Database\MySQLi\Connection->connect(false)
#1 F:\WIT\Magang\Projek CI4\ci_crud\system\Database\BaseConnection.php(574): CodeIgniter\Database\BaseConnection->initialize()
#2 F:\WIT\Magang\Projek CI4\ci_crud\system\Database\BaseBuilder.php(1616): CodeIgniter\Database\BaseConnection->query('SELECT *\nFROM `...', Array, false)
#3 F:\WIT\Magang\Projek CI4\ci_crud\system\Model.php(268): CodeIgniter\Database\BaseBuilder->get()
#4 F:\WIT\Magang\Projek CI4\ci_crud\system\BaseModel.php(656): CodeIgniter\Model->doFirst()
#5 F:\WIT\Magang\Projek CI4\ci_crud\app\Controllers\Login.php(28): CodeIgniter\BaseModel->first()
#6 F:\WIT\Magang\Projek CI4\ci_crud\system\CodeIgniter.php(932): App\Controllers\Login->process()
#7 F:\WIT\Magang\Projek CI4\ci_crud\system\CodeIgniter.php(497): CodeIgniter\CodeIgniter->runController(Object(App\Controllers\Login))
#8 F:\WIT\Magang\Projek CI4\ci_crud\system\CodeIgniter.php(366): CodeIgniter\CodeIgniter->handleRequest(NULL, Object(Config\Cache), false)
#9 F:\WIT\Magang\Projek CI4\ci_crud\public\index.php(67): CodeIgniter\CodeIgniter->run()
#10 F:\WIT\Magang\Projek CI4\ci_crud\system\Commands\Server\rewrite.php(47): require_once('F:\\WIT\\Magang\\P...')
#11 {main}
CRITICAL - 2023-08-10 02:16:25 --> Unable to connect to the database.
Main connection [MySQLi]: Access denied for user '****'@'localhost' (using password: NO)
in SYSTEMPATH\Database\BaseConnection.php on line 427.
 1 SYSTEMPATH\Database\BaseConnection.php(574): CodeIgniter\Database\BaseConnection->initialize()
 2 SYSTEMPATH\Database\BaseBuilder.php(1616): CodeIgniter\Database\BaseConnection->query('SELECT *
FROM `tb_member`
WHERE `email_member` = :email_member:
 LIMIT 1', [...], false)
 3 SYSTEMPATH\Model.php(268): CodeIgniter\Database\BaseBuilder->get()
 4 SYSTEMPATH\BaseModel.php(656): CodeIgniter\Model->doFirst()
 5 APPPATH\Controllers\Login.php(28): CodeIgniter\BaseModel->first()
 6 SYSTEMPATH\CodeIgniter.php(932): App\Controllers\Login->process()
 7 SYSTEMPATH\CodeIgniter.php(497): CodeIgniter\CodeIgniter->runController(Object(App\Controllers\Login))
 8 SYSTEMPATH\CodeIgniter.php(366): CodeIgniter\CodeIgniter->handleRequest(null, Object(Config\Cache), false)
 9 FCPATH\index.php(67): CodeIgniter\CodeIgniter->run()
10 SYSTEMPATH\Commands\Server\rewrite.php(47): require_once('F:\\WIT\\Magang\\Projek CI4\\ci_crud\\public\\index.php')
INFO - 2023-08-10 02:16:44 --> Session: Class initialized using 'CodeIgniter\Session\Handlers\FileHandler' driver.
INFO - 2023-08-10 02:16:45 --> Session: Class initialized using 'CodeIgniter\Session\Handlers\FileHandler' driver.
INFO - 2023-08-10 02:16:48 --> CSRF token verified.
ERROR - 2023-08-10 02:16:48 --> Error connecting to the database: mysqli_sql_exception: Access denied for user 'id21127089_wiraty'@'localhost' (using password: NO) in F:\WIT\Magang\Projek CI4\ci_crud\system\Database\MySQLi\Connection.php:173
Stack trace:
#0 F:\WIT\Magang\Projek CI4\ci_crud\system\Database\MySQLi\Connection.php(173): mysqli->real_connect('localhost', 'id21127089_wira...', Object(SensitiveParameterValue), 'db_ci4', 3306, '', 0)
#1 F:\WIT\Magang\Projek CI4\ci_crud\system\Database\BaseConnection.php(391): CodeIgniter\Database\MySQLi\Connection->connect(false)
#2 F:\WIT\Magang\Projek CI4\ci_crud\system\Database\BaseConnection.php(574): CodeIgniter\Database\BaseConnection->initialize()
#3 F:\WIT\Magang\Projek CI4\ci_crud\system\Database\BaseBuilder.php(1616): CodeIgniter\Database\BaseConnection->query('SELECT *\nFROM `...', Array, false)
#4 F:\WIT\Magang\Projek CI4\ci_crud\system\Model.php(268): CodeIgniter\Database\BaseBuilder->get()
#5 F:\WIT\Magang\Projek CI4\ci_crud\system\BaseModel.php(656): CodeIgniter\Model->doFirst()
#6 F:\WIT\Magang\Projek CI4\ci_crud\app\Controllers\Login.php(28): CodeIgniter\BaseModel->first()
#7 F:\WIT\Magang\Projek CI4\ci_crud\system\CodeIgniter.php(932): App\Controllers\Login->process()
#8 F:\WIT\Magang\Projek CI4\ci_crud\system\CodeIgniter.php(497): CodeIgniter\CodeIgniter->runController(Object(App\Controllers\Login))
#9 F:\WIT\Magang\Projek CI4\ci_crud\system\CodeIgniter.php(366): CodeIgniter\CodeIgniter->handleRequest(NULL, Object(Config\Cache), false)
#10 F:\WIT\Magang\Projek CI4\ci_crud\public\index.php(67): CodeIgniter\CodeIgniter->run()
#11 F:\WIT\Magang\Projek CI4\ci_crud\system\Commands\Server\rewrite.php(47): require_once('F:\\WIT\\Magang\\P...')
#12 {main}

Next CodeIgniter\Database\Exceptions\DatabaseException: Access denied for user '****'@'localhost' (using password: NO) in F:\WIT\Magang\Projek CI4\ci_crud\system\Database\MySQLi\Connection.php:218
Stack trace:
#0 F:\WIT\Magang\Projek CI4\ci_crud\system\Database\BaseConnection.php(391): CodeIgniter\Database\MySQLi\Connection->connect(false)
#1 F:\WIT\Magang\Projek CI4\ci_crud\system\Database\BaseConnection.php(574): CodeIgniter\Database\BaseConnection->initialize()
#2 F:\WIT\Magang\Projek CI4\ci_crud\system\Database\BaseBuilder.php(1616): CodeIgniter\Database\BaseConnection->query('SELECT *\nFROM `...', Array, false)
#3 F:\WIT\Magang\Projek CI4\ci_crud\system\Model.php(268): CodeIgniter\Database\BaseBuilder->get()
#4 F:\WIT\Magang\Projek CI4\ci_crud\system\BaseModel.php(656): CodeIgniter\Model->doFirst()
#5 F:\WIT\Magang\Projek CI4\ci_crud\app\Controllers\Login.php(28): CodeIgniter\BaseModel->first()
#6 F:\WIT\Magang\Projek CI4\ci_crud\system\CodeIgniter.php(932): App\Controllers\Login->process()
#7 F:\WIT\Magang\Projek CI4\ci_crud\system\CodeIgniter.php(497): CodeIgniter\CodeIgniter->runController(Object(App\Controllers\Login))
#8 F:\WIT\Magang\Projek CI4\ci_crud\system\CodeIgniter.php(366): CodeIgniter\CodeIgniter->handleRequest(NULL, Object(Config\Cache), false)
#9 F:\WIT\Magang\Projek CI4\ci_crud\public\index.php(67): CodeIgniter\CodeIgniter->run()
#10 F:\WIT\Magang\Projek CI4\ci_crud\system\Commands\Server\rewrite.php(47): require_once('F:\\WIT\\Magang\\P...')
#11 {main}
CRITICAL - 2023-08-10 02:16:48 --> Unable to connect to the database.
Main connection [MySQLi]: Access denied for user '****'@'localhost' (using password: NO)
in SYSTEMPATH\Database\BaseConnection.php on line 427.
 1 SYSTEMPATH\Database\BaseConnection.php(574): CodeIgniter\Database\BaseConnection->initialize()
 2 SYSTEMPATH\Database\BaseBuilder.php(1616): CodeIgniter\Database\BaseConnection->query('SELECT *
FROM `tb_member`
WHERE `email_member` = :email_member:
 LIMIT 1', [...], false)
 3 SYSTEMPATH\Model.php(268): CodeIgniter\Database\BaseBuilder->get()
 4 SYSTEMPATH\BaseModel.php(656): CodeIgniter\Model->doFirst()
 5 APPPATH\Controllers\Login.php(28): CodeIgniter\BaseModel->first()
 6 SYSTEMPATH\CodeIgniter.php(932): App\Controllers\Login->process()
 7 SYSTEMPATH\CodeIgniter.php(497): CodeIgniter\CodeIgniter->runController(Object(App\Controllers\Login))
 8 SYSTEMPATH\CodeIgniter.php(366): CodeIgniter\CodeIgniter->handleRequest(null, Object(Config\Cache), false)
 9 FCPATH\index.php(67): CodeIgniter\CodeIgniter->run()
10 SYSTEMPATH\Commands\Server\rewrite.php(47): require_once('F:\\WIT\\Magang\\Projek CI4\\ci_crud\\public\\index.php')
INFO - 2023-08-10 02:17:56 --> Session: Class initialized using 'CodeIgniter\Session\Handlers\FileHandler' driver.
INFO - 2023-08-10 02:17:58 --> CSRF token verified.
ERROR - 2023-08-10 02:17:58 --> Error connecting to the database: mysqli_sql_exception: Access denied for user 'user'@'localhost' (using password: NO) in F:\WIT\Magang\Projek CI4\ci_crud\system\Database\MySQLi\Connection.php:173
Stack trace:
#0 F:\WIT\Magang\Projek CI4\ci_crud\system\Database\MySQLi\Connection.php(173): mysqli->real_connect('localhost', 'user', Object(SensitiveParameterValue), 'db_ci4', 3306, '', 0)
#1 F:\WIT\Magang\Projek CI4\ci_crud\system\Database\BaseConnection.php(391): CodeIgniter\Database\MySQLi\Connection->connect(false)
#2 F:\WIT\Magang\Projek CI4\ci_crud\system\Database\BaseConnection.php(574): CodeIgniter\Database\BaseConnection->initialize()
#3 F:\WIT\Magang\Projek CI4\ci_crud\system\Database\BaseBuilder.php(1616): CodeIgniter\Database\BaseConnection->query('SELECT *\nFROM `...', Array, false)
#4 F:\WIT\Magang\Projek CI4\ci_crud\system\Model.php(268): CodeIgniter\Database\BaseBuilder->get()
#5 F:\WIT\Magang\Projek CI4\ci_crud\system\BaseModel.php(656): CodeIgniter\Model->doFirst()
#6 F:\WIT\Magang\Projek CI4\ci_crud\app\Controllers\Login.php(28): CodeIgniter\BaseModel->first()
#7 F:\WIT\Magang\Projek CI4\ci_crud\system\CodeIgniter.php(932): App\Controllers\Login->process()
#8 F:\WIT\Magang\Projek CI4\ci_crud\system\CodeIgniter.php(497): CodeIgniter\CodeIgniter->runController(Object(App\Controllers\Login))
#9 F:\WIT\Magang\Projek CI4\ci_crud\system\CodeIgniter.php(366): CodeIgniter\CodeIgniter->handleRequest(NULL, Object(Config\Cache), false)
#10 F:\WIT\Magang\Projek CI4\ci_crud\public\index.php(67): CodeIgniter\CodeIgniter->run()
#11 F:\WIT\Magang\Projek CI4\ci_crud\system\Commands\Server\rewrite.php(47): require_once('F:\\WIT\\Magang\\P...')
#12 {main}

Next CodeIgniter\Database\Exceptions\DatabaseException: Access denied for **** '****'@'localhost' (using password: NO) in F:\WIT\Magang\Projek CI4\ci_crud\system\Database\MySQLi\Connection.php:218
Stack trace:
#0 F:\WIT\Magang\Projek CI4\ci_crud\system\Database\BaseConnection.php(391): CodeIgniter\Database\MySQLi\Connection->connect(false)
#1 F:\WIT\Magang\Projek CI4\ci_crud\system\Database\BaseConnection.php(574): CodeIgniter\Database\BaseConnection->initialize()
#2 F:\WIT\Magang\Projek CI4\ci_crud\system\Database\BaseBuilder.php(1616): CodeIgniter\Database\BaseConnection->query('SELECT *\nFROM `...', Array, false)
#3 F:\WIT\Magang\Projek CI4\ci_crud\system\Model.php(268): CodeIgniter\Database\BaseBuilder->get()
#4 F:\WIT\Magang\Projek CI4\ci_crud\system\BaseModel.php(656): CodeIgniter\Model->doFirst()
#5 F:\WIT\Magang\Projek CI4\ci_crud\app\Controllers\Login.php(28): CodeIgniter\BaseModel->first()
#6 F:\WIT\Magang\Projek CI4\ci_crud\system\CodeIgniter.php(932): App\Controllers\Login->process()
#7 F:\WIT\Magang\Projek CI4\ci_crud\system\CodeIgniter.php(497): CodeIgniter\CodeIgniter->runController(Object(App\Controllers\Login))
#8 F:\WIT\Magang\Projek CI4\ci_crud\system\CodeIgniter.php(366): CodeIgniter\CodeIgniter->handleRequest(NULL, Object(Config\Cache), false)
#9 F:\WIT\Magang\Projek CI4\ci_crud\public\index.php(67): CodeIgniter\CodeIgniter->run()
#10 F:\WIT\Magang\Projek CI4\ci_crud\system\Commands\Server\rewrite.php(47): require_once('F:\\WIT\\Magang\\P...')
#11 {main}
CRITICAL - 2023-08-10 02:17:58 --> Unable to connect to the database.
Main connection [MySQLi]: Access denied for **** '****'@'localhost' (using password: NO)
in SYSTEMPATH\Database\BaseConnection.php on line 427.
 1 SYSTEMPATH\Database\BaseConnection.php(574): CodeIgniter\Database\BaseConnection->initialize()
 2 SYSTEMPATH\Database\BaseBuilder.php(1616): CodeIgniter\Database\BaseConnection->query('SELECT *
FROM `tb_member`
WHERE `email_member` = :email_member:
 LIMIT 1', [...], false)
 3 SYSTEMPATH\Model.php(268): CodeIgniter\Database\BaseBuilder->get()
 4 SYSTEMPATH\BaseModel.php(656): CodeIgniter\Model->doFirst()
 5 APPPATH\Controllers\Login.php(28): CodeIgniter\BaseModel->first()
 6 SYSTEMPATH\CodeIgniter.php(932): App\Controllers\Login->process()
 7 SYSTEMPATH\CodeIgniter.php(497): CodeIgniter\CodeIgniter->runController(Object(App\Controllers\Login))
 8 SYSTEMPATH\CodeIgniter.php(366): CodeIgniter\CodeIgniter->handleRequest(null, Object(Config\Cache), false)
 9 FCPATH\index.php(67): CodeIgniter\CodeIgniter->run()
10 SYSTEMPATH\Commands\Server\rewrite.php(47): require_once('F:\\WIT\\Magang\\Projek CI4\\ci_crud\\public\\index.php')
INFO - 2023-08-10 02:18:00 --> Session: Class initialized using 'CodeIgniter\Session\Handlers\FileHandler' driver.
INFO - 2023-08-10 02:18:08 --> Session: Class initialized using 'CodeIgniter\Session\Handlers\FileHandler' driver.
INFO - 2023-08-10 02:18:14 --> CSRF token verified.
INFO - 2023-08-10 02:18:14 --> Session: Class initialized using 'CodeIgniter\Session\Handlers\FileHandler' driver.
INFO - 2023-08-10 02:18:14 --> Session: Class initialized using 'CodeIgniter\Session\Handlers\FileHandler' driver.
INFO - 2023-08-10 02:18:17 --> Session: Class initialized using 'CodeIgniter\Session\Handlers\FileHandler' driver.
INFO - 2023-08-10 02:18:28 --> Session: Class initialized using 'CodeIgniter\Session\Handlers\FileHandler' driver.
INFO - 2023-08-10 02:18:29 --> Session: Class initialized using 'CodeIgniter\Session\Handlers\FileHandler' driver.
INFO - 2023-08-10 02:18:36 --> CSRF token verified.
INFO - 2023-08-10 02:18:36 --> Session: Class initialized using 'CodeIgniter\Session\Handlers\FileHandler' driver.
INFO - 2023-08-10 02:18:36 --> Session: Class initialized using 'CodeIgniter\Session\Handlers\FileHandler' driver.
INFO - 2023-08-10 02:18:37 --> Session: Class initialized using 'CodeIgniter\Session\Handlers\FileHandler' driver.
INFO - 2023-08-10 02:33:21 --> Session: Class initialized using 'CodeIgniter\Session\Handlers\FileHandler' driver.
INFO - 2023-08-10 02:33:29 --> CSRF token verified.
INFO - 2023-08-10 02:33:29 --> Session: Class initialized using 'CodeIgniter\Session\Handlers\FileHandler' driver.
INFO - 2023-08-10 02:33:30 --> Session: Class initialized using 'CodeIgniter\Session\Handlers\FileHandler' driver.
INFO - 2023-08-10 02:33:55 --> CSRF token verified.
INFO - 2023-08-10 02:33:55 --> Session: Class initialized using 'CodeIgniter\Session\Handlers\FileHandler' driver.
INFO - 2023-08-10 02:33:55 --> Session: Class initialized using 'CodeIgniter\Session\Handlers\FileHandler' driver.
INFO - 2023-08-10 02:36:20 --> Session: Class initialized using 'CodeIgniter\Session\Handlers\FileHandler' driver.
INFO - 2023-08-10 02:36:30 --> CSRF token verified.
INFO - 2023-08-10 02:36:30 --> Session: Class initialized using 'CodeIgniter\Session\Handlers\FileHandler' driver.
INFO - 2023-08-10 02:36:31 --> Session: Class initialized using 'CodeIgniter\Session\Handlers\FileHandler' driver.
INFO - 2023-08-10 02:36:54 --> CSRF token verified.
INFO - 2023-08-10 02:36:54 --> Session: Class initialized using 'CodeIgniter\Session\Handlers\FileHandler' driver.
INFO - 2023-08-10 02:36:54 --> Session: Class initialized using 'CodeIgniter\Session\Handlers\FileHandler' driver.
INFO - 2023-08-10 02:37:05 --> CSRF token verified.
INFO - 2023-08-10 02:37:05 --> Session: Class initialized using 'CodeIgniter\Session\Handlers\FileHandler' driver.
INFO - 2023-08-10 02:37:05 --> Session: Class initialized using 'CodeIgniter\Session\Handlers\FileHandler' driver.
INFO - 2023-08-10 02:39:37 --> Session: Class initialized using 'CodeIgniter\Session\Handlers\FileHandler' driver.
INFO - 2023-08-10 02:39:45 --> CSRF token verified.
INFO - 2023-08-10 02:39:45 --> Session: Class initialized using 'CodeIgniter\Session\Handlers\FileHandler' driver.
INFO - 2023-08-10 02:39:46 --> Session: Class initialized using 'CodeIgniter\Session\Handlers\FileHandler' driver.
INFO - 2023-08-10 02:40:08 --> CSRF token verified.
INFO - 2023-08-10 02:40:08 --> Session: Class initialized using 'CodeIgniter\Session\Handlers\FileHandler' driver.
INFO - 2023-08-10 02:40:08 --> Session: Class initialized using 'CodeIgniter\Session\Handlers\FileHandler' driver.
INFO - 2023-08-10 02:48:44 --> Session: Class initialized using 'CodeIgniter\Session\Handlers\FileHandler' driver.
INFO - 2023-08-10 02:49:14 --> Session: Class initialized using 'CodeIgniter\Session\Handlers\FileHandler' driver.
INFO - 2023-08-10 02:49:35 --> Session: Class initialized using 'CodeIgniter\Session\Handlers\FileHandler' driver.
INFO - 2023-08-10 02:51:52 --> Session: Class initialized using 'CodeIgniter\Session\Handlers\FileHandler' driver.
INFO - 2023-08-10 02:52:41 --> Session: Class initialized using 'CodeIgniter\Session\Handlers\FileHandler' driver.
INFO - 2023-08-10 03:10:11 --> Session: Class initialized using 'CodeIgniter\Session\Handlers\FileHandler' driver.
INFO - 2023-08-10 03:10:57 --> Session: Class initialized using 'CodeIgniter\Session\Handlers\FileHandler' driver.
INFO - 2023-08-10 03:11:41 --> Session: Class initialized using 'CodeIgniter\Session\Handlers\FileHandler' driver.
INFO - 2023-08-10 03:13:00 --> Session: Class initialized using 'CodeIgniter\Session\Handlers\FileHandler' driver.
INFO - 2023-08-10 03:14:07 --> Session: Class initialized using 'CodeIgniter\Session\Handlers\FileHandler' driver.
INFO - 2023-08-10 03:14:37 --> Session: Class initialized using 'CodeIgniter\Session\Handlers\FileHandler' driver.
INFO - 2023-08-10 03:14:54 --> Session: Class initialized using 'CodeIgniter\Session\Handlers\FileHandler' driver.
INFO - 2023-08-10 03:15:25 --> Session: Class initialized using 'CodeIgniter\Session\Handlers\FileHandler' driver.
INFO - 2023-08-10 03:15:48 --> Session: Class initialized using 'CodeIgniter\Session\Handlers\FileHandler' driver.
INFO - 2023-08-10 03:16:12 --> Session: Class initialized using 'CodeIgniter\Session\Handlers\FileHandler' driver.
INFO - 2023-08-10 03:17:29 --> Session: Class initialized using 'CodeIgniter\Session\Handlers\FileHandler' driver.
INFO - 2023-08-10 03:17:57 --> Session: Class initialized using 'CodeIgniter\Session\Handlers\FileHandler' driver.
INFO - 2023-08-10 03:18:46 --> Session: Class initialized using 'CodeIgniter\Session\Handlers\FileHandler' driver.
INFO - 2023-08-10 03:19:02 --> Session: Class initialized using 'CodeIgniter\Session\Handlers\FileHandler' driver.
INFO - 2023-08-10 03:19:35 --> Session: Class initialized using 'CodeIgniter\Session\Handlers\FileHandler' driver.
INFO - 2023-08-10 03:19:45 --> Session: Class initialized using 'CodeIgniter\Session\Handlers\FileHandler' driver.
INFO - 2023-08-10 03:19:50 --> Session: Class initialized using 'CodeIgniter\Session\Handlers\FileHandler' driver.
INFO - 2023-08-10 03:20:30 --> Session: Class initialized using 'CodeIgniter\Session\Handlers\FileHandler' driver.
INFO - 2023-08-10 03:20:53 --> Session: Class initialized using 'CodeIgniter\Session\Handlers\FileHandler' driver.
INFO - 2023-08-10 03:21:02 --> Session: Class initialized using 'CodeIgniter\Session\Handlers\FileHandler' driver.
INFO - 2023-08-10 03:21:37 --> Session: Class initialized using 'CodeIgniter\Session\Handlers\FileHandler' driver.
INFO - 2023-08-10 03:22:04 --> Session: Class initialized using 'CodeIgniter\Session\Handlers\FileHandler' driver.
INFO - 2023-08-10 03:22:13 --> Session: Class initialized using 'CodeIgniter\Session\Handlers\FileHandler' driver.
INFO - 2023-08-10 03:22:26 --> Session: Class initialized using 'CodeIgniter\Session\Handlers\FileHandler' driver.
INFO - 2023-08-10 03:23:30 --> Session: Class initialized using 'CodeIgniter\Session\Handlers\FileHandler' driver.
INFO - 2023-08-10 03:23:57 --> Session: Class initialized using 'CodeIgniter\Session\Handlers\FileHandler' driver.
INFO - 2023-08-10 03:26:06 --> Session: Class initialized using 'CodeIgniter\Session\Handlers\FileHandler' driver.
INFO - 2023-08-10 03:26:19 --> CSRF token verified.
INFO - 2023-08-10 03:26:19 --> Session: Class initialized using 'CodeIgniter\Session\Handlers\FileHandler' driver.
INFO - 2023-08-10 03:26:19 --> Session: Class initialized using 'CodeIgniter\Session\Handlers\FileHandler' driver.
INFO - 2023-08-10 03:26:37 --> CSRF token verified.
INFO - 2023-08-10 03:26:37 --> Session: Class initialized using 'CodeIgniter\Session\Handlers\FileHandler' driver.
INFO - 2023-08-10 03:26:37 --> Session: Class initialized using 'CodeIgniter\Session\Handlers\FileHandler' driver.
INFO - 2023-08-10 03:35:19 --> Session: Class initialized using 'CodeIgniter\Session\Handlers\FileHandler' driver.
INFO - 2023-08-10 03:36:16 --> Session: Class initialized using 'CodeIgniter\Session\Handlers\FileHandler' driver.
INFO - 2023-08-10 03:52:52 --> Session: Class initialized using 'CodeIgniter\Session\Handlers\FileHandler' driver.
INFO - 2023-08-10 03:59:45 --> Session: Class initialized using 'CodeIgniter\Session\Handlers\FileHandler' driver.
INFO - 2023-08-10 07:52:03 --> Session: Class initialized using 'CodeIgniter\Session\Handlers\FileHandler' driver.
INFO - 2023-08-10 07:52:04 --> Session: Class initialized using 'CodeIgniter\Session\Handlers\FileHandler' driver.
INFO - 2023-08-10 07:52:10 --> CSRF token verified.
INFO - 2023-08-10 07:52:10 --> Session: Class initialized using 'CodeIgniter\Session\Handlers\FileHandler' driver.
INFO - 2023-08-10 07:52:10 --> Session: Class initialized using 'CodeIgniter\Session\Handlers\FileHandler' driver.
INFO - 2023-08-10 07:52:12 --> Session: Class initialized using 'CodeIgniter\Session\Handlers\FileHandler' driver.
INFO - 2023-08-10 07:52:24 --> Session: Class initialized using 'CodeIgniter\Session\Handlers\FileHandler' driver.
INFO - 2023-08-10 07:52:25 --> Session: Class initialized using 'CodeIgniter\Session\Handlers\FileHandler' driver.
INFO - 2023-08-10 07:52:25 --> Session: Class initialized using 'CodeIgniter\Session\Handlers\FileHandler' driver.
INFO - 2023-08-10 07:52:30 --> CSRF token verified.
INFO - 2023-08-10 07:52:30 --> Session: Class initialized using 'CodeIgniter\Session\Handlers\FileHandler' driver.
INFO - 2023-08-10 07:52:30 --> Session: Class initialized using 'CodeIgniter\Session\Handlers\FileHandler' driver.
INFO - 2023-08-10 07:52:34 --> Session: Class initialized using 'CodeIgniter\Session\Handlers\FileHandler' driver.
INFO - 2023-08-10 07:52:34 --> Session: Class initialized using 'CodeIgniter\Session\Handlers\FileHandler' driver.
INFO - 2023-08-10 07:52:36 --> Session: Class initialized using 'CodeIgniter\Session\Handlers\FileHandler' driver.
INFO - 2023-08-10 07:52:38 --> Session: Class initialized using 'CodeIgniter\Session\Handlers\FileHandler' driver.
INFO - 2023-08-10 07:52:40 --> Session: Class initialized using 'CodeIgniter\Session\Handlers\FileHandler' driver.
INFO - 2023-08-10 07:52:41 --> Session: Class initialized using 'CodeIgniter\Session\Handlers\FileHandler' driver.
INFO - 2023-08-10 07:52:44 --> Session: Class initialized using 'CodeIgniter\Session\Handlers\FileHandler' driver.
INFO - 2023-08-10 07:52:46 --> Session: Class initialized using 'CodeIgniter\Session\Handlers\FileHandler' driver.
INFO - 2023-08-10 07:52:47 --> Session: Class initialized using 'CodeIgniter\Session\Handlers\FileHandler' driver.
INFO - 2023-08-10 07:52:48 --> Session: Class initialized using 'CodeIgniter\Session\Handlers\FileHandler' driver.
INFO - 2023-08-10 07:52:49 --> Session: Class initialized using 'CodeIgniter\Session\Handlers\FileHandler' driver.
INFO - 2023-08-10 07:52:49 --> Session: Class initialized using 'CodeIgniter\Session\Handlers\FileHandler' driver.
INFO - 2023-08-10 07:52:50 --> Session: Class initialized using 'CodeIgniter\Session\Handlers\FileHandler' driver.
INFO - 2023-08-10 07:52:55 --> Session: Class initialized using 'CodeIgniter\Session\Handlers\FileHandler' driver.
INFO - 2023-08-10 07:52:56 --> Session: Class initialized using 'CodeIgniter\Session\Handlers\FileHandler' driver.
INFO - 2023-08-10 07:52:56 --> Session: Class initialized using 'CodeIgniter\Session\Handlers\FileHandler' driver.
INFO - 2023-08-10 07:55:25 --> Session: Class initialized using 'CodeIgniter\Session\Handlers\FileHandler' driver.
INFO - 2023-08-10 07:55:27 --> Session: Class initialized using 'CodeIgniter\Session\Handlers\FileHandler' driver.
INFO - 2023-08-10 07:55:39 --> Session: Class initialized using 'CodeIgniter\Session\Handlers\FileHandler' driver.
INFO - 2023-08-10 07:55:43 --> Session: Class initialized using 'CodeIgniter\Session\Handlers\FileHandler' driver.
INFO - 2023-08-10 07:56:06 --> Session: Class initialized using 'CodeIgniter\Session\Handlers\FileHandler' driver.
INFO - 2023-08-10 07:59:31 --> Session: Class initialized using 'CodeIgniter\Session\Handlers\FileHandler' driver.
INFO - 2023-08-10 07:59:31 --> Session: Class initialized using 'CodeIgniter\Session\Handlers\FileHandler' driver.
INFO - 2023-08-10 07:59:31 --> Session: Class initialized using 'CodeIgniter\Session\Handlers\FileHandler' driver.
INFO - 2023-08-10 08:00:28 --> CSRF token verified.
INFO - 2023-08-10 08:00:28 --> Session: Class initialized using 'CodeIgniter\Session\Handlers\FileHandler' driver.
INFO - 2023-08-10 08:00:28 --> Session: Class initialized using 'CodeIgniter\Session\Handlers\FileHandler' driver.
INFO - 2023-08-10 08:01:29 --> Session: Class initialized using 'CodeIgniter\Session\Handlers\FileHandler' driver.
INFO - 2023-08-10 08:01:58 --> Session: Class initialized using 'CodeIgniter\Session\Handlers\FileHandler' driver.
INFO - 2023-08-10 08:03:15 --> Session: Class initialized using 'CodeIgniter\Session\Handlers\FileHandler' driver.
