CRITICAL - 2023-07-17 02:54:21 --> Class "GroupModel" not found
in APPPATH\Views\member\index.php on line 29.
 1 SYSTEMPATH\View\View.php(224): include()
 2 SYSTEMPATH\View\View.php(227): CodeIgniter\View\View->CodeIgniter\View\{closure}()
 3 SYSTEMPATH\Common.php(1180): CodeIgniter\View\View->render('member/index', [], true)
 4 APPPATH\Controllers\MemberController.php(16): view('member/index', [...])
 5 SYSTEMPATH\CodeIgniter.php(932): App\Controllers\MemberController->index()
 6 SYSTEMPATH\CodeIgniter.php(497): CodeIgniter\CodeIgniter->runController(Object(App\Controllers\MemberController))
 7 SYSTEMPATH\CodeIgniter.php(366): CodeIgniter\CodeIgniter->handleRequest(null, Object(Config\Cache), false)
 8 FCPATH\index.php(67): CodeIgniter\CodeIgniter->run()
 9 SYSTEMPATH\Commands\Server\rewrite.php(47): require_once('C:\\xampp\\htdocs\\ci_crud\\public\\index.php')
CRITICAL - 2023-07-17 02:58:42 --> Too few arguments to function App\Controllers\Karyawan::update(), 0 passed in C:\xampp\htdocs\ci_crud\system\CodeIgniter.php on line 932 and exactly 1 expected
in APPPATH\Controllers\Karyawan.php on line 53.
 1 SYSTEMPATH\CodeIgniter.php(932): App\Controllers\Karyawan->update()
 2 SYSTEMPATH\CodeIgniter.php(497): CodeIgniter\CodeIgniter->runController(Object(App\Controllers\Karyawan))
 3 SYSTEMPATH\CodeIgniter.php(366): CodeIgniter\CodeIgniter->handleRequest(null, Object(Config\Cache), false)
 4 FCPATH\index.php(67): CodeIgniter\CodeIgniter->run()
 5 SYSTEMPATH\Commands\Server\rewrite.php(47): require_once('C:\\xampp\\htdocs\\ci_crud\\public\\index.php')
CRITICAL - 2023-07-17 03:11:29 --> Class "GroupModel" not found
in APPPATH\Views\member\index.php on line 29.
 1 SYSTEMPATH\View\View.php(224): include()
 2 SYSTEMPATH\View\View.php(227): CodeIgniter\View\View->CodeIgniter\View\{closure}()
 3 SYSTEMPATH\Common.php(1180): CodeIgniter\View\View->render('member/index', [], true)
 4 APPPATH\Controllers\MemberController.php(16): view('member/index', [...])
 5 SYSTEMPATH\CodeIgniter.php(932): App\Controllers\MemberController->index()
 6 SYSTEMPATH\CodeIgniter.php(497): CodeIgniter\CodeIgniter->runController(Object(App\Controllers\MemberController))
 7 SYSTEMPATH\CodeIgniter.php(366): CodeIgniter\CodeIgniter->handleRequest(null, Object(Config\Cache), false)
 8 FCPATH\index.php(67): CodeIgniter\CodeIgniter->run()
 9 SYSTEMPATH\Commands\Server\rewrite.php(47): require_once('C:\\xampp\\htdocs\\ci_crud\\public\\index.php')
CRITICAL - 2023-07-17 03:18:04 --> Class "GroupModel" not found
in APPPATH\Views\member\index.php on line 34.
 1 SYSTEMPATH\View\View.php(224): include()
 2 SYSTEMPATH\View\View.php(227): CodeIgniter\View\View->CodeIgniter\View\{closure}()
 3 SYSTEMPATH\Common.php(1180): CodeIgniter\View\View->render('member/index', [], true)
 4 APPPATH\Controllers\MemberController.php(16): view('member/index', [...])
 5 SYSTEMPATH\CodeIgniter.php(932): App\Controllers\MemberController->index()
 6 SYSTEMPATH\CodeIgniter.php(497): CodeIgniter\CodeIgniter->runController(Object(App\Controllers\MemberController))
 7 SYSTEMPATH\CodeIgniter.php(366): CodeIgniter\CodeIgniter->handleRequest(null, Object(Config\Cache), false)
 8 FCPATH\index.php(67): CodeIgniter\CodeIgniter->run()
 9 SYSTEMPATH\Commands\Server\rewrite.php(47): require_once('C:\\xampp\\htdocs\\ci_crud\\public\\index.php')
CRITICAL - 2023-07-17 03:18:18 --> Class "GroupModel" not found
in APPPATH\Views\member\index.php on line 34.
 1 SYSTEMPATH\View\View.php(224): include()
 2 SYSTEMPATH\View\View.php(227): CodeIgniter\View\View->CodeIgniter\View\{closure}()
 3 SYSTEMPATH\Common.php(1180): CodeIgniter\View\View->render('member/index', [], true)
 4 APPPATH\Controllers\MemberController.php(16): view('member/index', [...])
 5 SYSTEMPATH\CodeIgniter.php(932): App\Controllers\MemberController->index()
 6 SYSTEMPATH\CodeIgniter.php(497): CodeIgniter\CodeIgniter->runController(Object(App\Controllers\MemberController))
 7 SYSTEMPATH\CodeIgniter.php(366): CodeIgniter\CodeIgniter->handleRequest(null, Object(Config\Cache), false)
 8 FCPATH\index.php(67): CodeIgniter\CodeIgniter->run()
 9 SYSTEMPATH\Commands\Server\rewrite.php(47): require_once('C:\\xampp\\htdocs\\ci_crud\\public\\index.php')
CRITICAL - 2023-07-17 03:18:19 --> Class "GroupModel" not found
in APPPATH\Views\member\index.php on line 34.
 1 SYSTEMPATH\View\View.php(224): include()
 2 SYSTEMPATH\View\View.php(227): CodeIgniter\View\View->CodeIgniter\View\{closure}()
 3 SYSTEMPATH\Common.php(1180): CodeIgniter\View\View->render('member/index', [], true)
 4 APPPATH\Controllers\MemberController.php(16): view('member/index', [...])
 5 SYSTEMPATH\CodeIgniter.php(932): App\Controllers\MemberController->index()
 6 SYSTEMPATH\CodeIgniter.php(497): CodeIgniter\CodeIgniter->runController(Object(App\Controllers\MemberController))
 7 SYSTEMPATH\CodeIgniter.php(366): CodeIgniter\CodeIgniter->handleRequest(null, Object(Config\Cache), false)
 8 FCPATH\index.php(67): CodeIgniter\CodeIgniter->run()
 9 SYSTEMPATH\Commands\Server\rewrite.php(47): require_once('C:\\xampp\\htdocs\\ci_crud\\public\\index.php')
CRITICAL - 2023-07-17 03:19:24 --> Class "GroupModel" not found
in APPPATH\Views\member\index.php on line 31.
 1 SYSTEMPATH\View\View.php(224): include()
 2 SYSTEMPATH\View\View.php(227): CodeIgniter\View\View->CodeIgniter\View\{closure}()
 3 SYSTEMPATH\Common.php(1180): CodeIgniter\View\View->render('member/index', [], true)
 4 APPPATH\Controllers\MemberController.php(16): view('member/index', [...])
 5 SYSTEMPATH\CodeIgniter.php(932): App\Controllers\MemberController->index()
 6 SYSTEMPATH\CodeIgniter.php(497): CodeIgniter\CodeIgniter->runController(Object(App\Controllers\MemberController))
 7 SYSTEMPATH\CodeIgniter.php(366): CodeIgniter\CodeIgniter->handleRequest(null, Object(Config\Cache), false)
 8 FCPATH\index.php(67): CodeIgniter\CodeIgniter->run()
 9 SYSTEMPATH\Commands\Server\rewrite.php(47): require_once('C:\\xampp\\htdocs\\ci_crud\\public\\index.php')
CRITICAL - 2023-07-17 03:45:12 --> Class "GroupModel" not found
in APPPATH\Views\member\index.php on line 30.
 1 SYSTEMPATH\View\View.php(224): include()
 2 SYSTEMPATH\View\View.php(227): CodeIgniter\View\View->CodeIgniter\View\{closure}()
 3 SYSTEMPATH\Common.php(1180): CodeIgniter\View\View->render('member/index', [], true)
 4 APPPATH\Controllers\MemberController.php(16): view('member/index', [...])
 5 SYSTEMPATH\CodeIgniter.php(932): App\Controllers\MemberController->index()
 6 SYSTEMPATH\CodeIgniter.php(497): CodeIgniter\CodeIgniter->runController(Object(App\Controllers\MemberController))
 7 SYSTEMPATH\CodeIgniter.php(366): CodeIgniter\CodeIgniter->handleRequest(null, Object(Config\Cache), false)
 8 FCPATH\index.php(67): CodeIgniter\CodeIgniter->run()
 9 SYSTEMPATH\Commands\Server\rewrite.php(47): require_once('C:\\xampp\\htdocs\\ci_crud\\public\\index.php')
CRITICAL - 2023-07-17 03:45:16 --> Class "GroupModel" not found
in APPPATH\Views\member\index.php on line 30.
 1 SYSTEMPATH\View\View.php(224): include()
 2 SYSTEMPATH\View\View.php(227): CodeIgniter\View\View->CodeIgniter\View\{closure}()
 3 SYSTEMPATH\Common.php(1180): CodeIgniter\View\View->render('member/index', [], true)
 4 APPPATH\Controllers\MemberController.php(16): view('member/index', [...])
 5 SYSTEMPATH\CodeIgniter.php(932): App\Controllers\MemberController->index()
 6 SYSTEMPATH\CodeIgniter.php(497): CodeIgniter\CodeIgniter->runController(Object(App\Controllers\MemberController))
 7 SYSTEMPATH\CodeIgniter.php(366): CodeIgniter\CodeIgniter->handleRequest(null, Object(Config\Cache), false)
 8 FCPATH\index.php(67): CodeIgniter\CodeIgniter->run()
 9 SYSTEMPATH\Commands\Server\rewrite.php(47): require_once('C:\\xampp\\htdocs\\ci_crud\\public\\index.php')
CRITICAL - 2023-07-17 03:45:17 --> Class "GroupModel" not found
in APPPATH\Views\member\index.php on line 30.
 1 SYSTEMPATH\View\View.php(224): include()
 2 SYSTEMPATH\View\View.php(227): CodeIgniter\View\View->CodeIgniter\View\{closure}()
 3 SYSTEMPATH\Common.php(1180): CodeIgniter\View\View->render('member/index', [], true)
 4 APPPATH\Controllers\MemberController.php(16): view('member/index', [...])
 5 SYSTEMPATH\CodeIgniter.php(932): App\Controllers\MemberController->index()
 6 SYSTEMPATH\CodeIgniter.php(497): CodeIgniter\CodeIgniter->runController(Object(App\Controllers\MemberController))
 7 SYSTEMPATH\CodeIgniter.php(366): CodeIgniter\CodeIgniter->handleRequest(null, Object(Config\Cache), false)
 8 FCPATH\index.php(67): CodeIgniter\CodeIgniter->run()
 9 SYSTEMPATH\Commands\Server\rewrite.php(47): require_once('C:\\xampp\\htdocs\\ci_crud\\public\\index.php')
CRITICAL - 2023-07-17 03:45:18 --> Class "GroupModel" not found
in APPPATH\Views\member\index.php on line 30.
 1 SYSTEMPATH\View\View.php(224): include()
 2 SYSTEMPATH\View\View.php(227): CodeIgniter\View\View->CodeIgniter\View\{closure}()
 3 SYSTEMPATH\Common.php(1180): CodeIgniter\View\View->render('member/index', [], true)
 4 APPPATH\Controllers\MemberController.php(16): view('member/index', [...])
 5 SYSTEMPATH\CodeIgniter.php(932): App\Controllers\MemberController->index()
 6 SYSTEMPATH\CodeIgniter.php(497): CodeIgniter\CodeIgniter->runController(Object(App\Controllers\MemberController))
 7 SYSTEMPATH\CodeIgniter.php(366): CodeIgniter\CodeIgniter->handleRequest(null, Object(Config\Cache), false)
 8 FCPATH\index.php(67): CodeIgniter\CodeIgniter->run()
 9 SYSTEMPATH\Commands\Server\rewrite.php(47): require_once('C:\\xampp\\htdocs\\ci_crud\\public\\index.php')
CRITICAL - 2023-07-17 03:46:10 --> Class "GroupModel" not found
in APPPATH\Views\member\index.php on line 30.
 1 SYSTEMPATH\View\View.php(224): include()
 2 SYSTEMPATH\View\View.php(227): CodeIgniter\View\View->CodeIgniter\View\{closure}()
 3 SYSTEMPATH\Common.php(1180): CodeIgniter\View\View->render('member/index', [], true)
 4 APPPATH\Controllers\MemberController.php(16): view('member/index', [...])
 5 SYSTEMPATH\CodeIgniter.php(932): App\Controllers\MemberController->index()
 6 SYSTEMPATH\CodeIgniter.php(497): CodeIgniter\CodeIgniter->runController(Object(App\Controllers\MemberController))
 7 SYSTEMPATH\CodeIgniter.php(366): CodeIgniter\CodeIgniter->handleRequest(null, Object(Config\Cache), false)
 8 FCPATH\index.php(67): CodeIgniter\CodeIgniter->run()
 9 SYSTEMPATH\Commands\Server\rewrite.php(47): require_once('C:\\xampp\\htdocs\\ci_crud\\public\\index.php')
CRITICAL - 2023-07-17 04:01:35 --> Invalid file: "index.php"
in SYSTEMPATH\Exceptions\FrameworkException.php on line 33.
 1 SYSTEMPATH\View\View.php(212): CodeIgniter\Exceptions\FrameworkException::forInvalidFile('index.php')
 2 SYSTEMPATH\Common.php(1180): CodeIgniter\View\View->render('index', [], true)
 3 APPPATH\Controllers\MemberController.php(19): view('index', [...])
 4 SYSTEMPATH\CodeIgniter.php(932): App\Controllers\MemberController->index()
 5 SYSTEMPATH\CodeIgniter.php(497): CodeIgniter\CodeIgniter->runController(Object(App\Controllers\MemberController))
 6 SYSTEMPATH\CodeIgniter.php(366): CodeIgniter\CodeIgniter->handleRequest(null, Object(Config\Cache), false)
 7 FCPATH\index.php(67): CodeIgniter\CodeIgniter->run()
 8 SYSTEMPATH\Commands\Server\rewrite.php(47): require_once('C:\\xampp\\htdocs\\ci_crud\\public\\index.php')
CRITICAL - 2023-07-17 04:01:53 --> Class "GroupModel" not found
in APPPATH\Views\member\index.php on line 30.
 1 SYSTEMPATH\View\View.php(224): include()
 2 SYSTEMPATH\View\View.php(227): CodeIgniter\View\View->CodeIgniter\View\{closure}()
 3 SYSTEMPATH\Common.php(1180): CodeIgniter\View\View->render('member/index', [], true)
 4 APPPATH\Controllers\MemberController.php(19): view('member/index', [...])
 5 SYSTEMPATH\CodeIgniter.php(932): App\Controllers\MemberController->index()
 6 SYSTEMPATH\CodeIgniter.php(497): CodeIgniter\CodeIgniter->runController(Object(App\Controllers\MemberController))
 7 SYSTEMPATH\CodeIgniter.php(366): CodeIgniter\CodeIgniter->handleRequest(null, Object(Config\Cache), false)
 8 FCPATH\index.php(67): CodeIgniter\CodeIgniter->run()
 9 SYSTEMPATH\Commands\Server\rewrite.php(47): require_once('C:\\xampp\\htdocs\\ci_crud\\public\\index.php')
CRITICAL - 2023-07-17 04:02:20 --> Class "GroupModel" not found
in APPPATH\Views\member\index.php on line 30.
 1 SYSTEMPATH\View\View.php(224): include()
 2 SYSTEMPATH\View\View.php(227): CodeIgniter\View\View->CodeIgniter\View\{closure}()
 3 SYSTEMPATH\Common.php(1180): CodeIgniter\View\View->render('member/index', [], true)
 4 APPPATH\Controllers\MemberController.php(19): view('member/index', [...])
 5 SYSTEMPATH\CodeIgniter.php(932): App\Controllers\MemberController->index()
 6 SYSTEMPATH\CodeIgniter.php(497): CodeIgniter\CodeIgniter->runController(Object(App\Controllers\MemberController))
 7 SYSTEMPATH\CodeIgniter.php(366): CodeIgniter\CodeIgniter->handleRequest(null, Object(Config\Cache), false)
 8 FCPATH\index.php(67): CodeIgniter\CodeIgniter->run()
 9 SYSTEMPATH\Commands\Server\rewrite.php(47): require_once('C:\\xampp\\htdocs\\ci_crud\\public\\index.php')
CRITICAL - 2023-07-17 04:02:42 --> Class "GroupModel" not found
in APPPATH\Views\member\index.php on line 30.
 1 SYSTEMPATH\View\View.php(224): include()
 2 SYSTEMPATH\View\View.php(227): CodeIgniter\View\View->CodeIgniter\View\{closure}()
 3 SYSTEMPATH\Common.php(1180): CodeIgniter\View\View->render('member/index', [], true)
 4 APPPATH\Controllers\MemberController.php(19): view('member/index', [...])
 5 SYSTEMPATH\CodeIgniter.php(932): App\Controllers\MemberController->index()
 6 SYSTEMPATH\CodeIgniter.php(497): CodeIgniter\CodeIgniter->runController(Object(App\Controllers\MemberController))
 7 SYSTEMPATH\CodeIgniter.php(366): CodeIgniter\CodeIgniter->handleRequest(null, Object(Config\Cache), false)
 8 FCPATH\index.php(67): CodeIgniter\CodeIgniter->run()
 9 SYSTEMPATH\Commands\Server\rewrite.php(47): require_once('C:\\xampp\\htdocs\\ci_crud\\public\\index.php')
CRITICAL - 2023-07-17 04:08:07 --> Class "GroupModel" not found
in APPPATH\Views\member\index.php on line 30.
 1 SYSTEMPATH\View\View.php(224): include()
 2 SYSTEMPATH\View\View.php(227): CodeIgniter\View\View->CodeIgniter\View\{closure}()
 3 SYSTEMPATH\Common.php(1180): CodeIgniter\View\View->render('member/index', [], true)
 4 APPPATH\Controllers\MemberController.php(19): view('member/index', [...])
 5 SYSTEMPATH\CodeIgniter.php(932): App\Controllers\MemberController->index()
 6 SYSTEMPATH\CodeIgniter.php(497): CodeIgniter\CodeIgniter->runController(Object(App\Controllers\MemberController))
 7 SYSTEMPATH\CodeIgniter.php(366): CodeIgniter\CodeIgniter->handleRequest(null, Object(Config\Cache), false)
 8 FCPATH\index.php(67): CodeIgniter\CodeIgniter->run()
 9 SYSTEMPATH\Commands\Server\rewrite.php(47): require_once('C:\\xampp\\htdocs\\ci_crud\\public\\index.php')
CRITICAL - 2023-07-17 04:08:20 --> Class "GroupModel" not found
in APPPATH\Views\member\index.php on line 30.
 1 SYSTEMPATH\View\View.php(224): include()
 2 SYSTEMPATH\View\View.php(227): CodeIgniter\View\View->CodeIgniter\View\{closure}()
 3 SYSTEMPATH\Common.php(1180): CodeIgniter\View\View->render('member/index', [], true)
 4 APPPATH\Controllers\MemberController.php(19): view('member/index', [...])
 5 SYSTEMPATH\CodeIgniter.php(932): App\Controllers\MemberController->index()
 6 SYSTEMPATH\CodeIgniter.php(497): CodeIgniter\CodeIgniter->runController(Object(App\Controllers\MemberController))
 7 SYSTEMPATH\CodeIgniter.php(366): CodeIgniter\CodeIgniter->handleRequest(null, Object(Config\Cache), false)
 8 FCPATH\index.php(67): CodeIgniter\CodeIgniter->run()
 9 SYSTEMPATH\Commands\Server\rewrite.php(47): require_once('C:\\xampp\\htdocs\\ci_crud\\public\\index.php')
CRITICAL - 2023-07-17 04:08:46 --> Attempt to read property "group" on array
in APPPATH\Views\member\index.php on line 30.
 1 APPPATH\Views\member\index.php(30): CodeIgniter\Debug\Exceptions->errorHandler(2, 'Attempt to read property "group" on array', 'C:\\xampp\\htdocs\\ci_crud\\app\\Views\\member\\index.php', 30)
 2 SYSTEMPATH\View\View.php(224): include('C:\\xampp\\htdocs\\ci_crud\\app\\Views\\member\\index.php')
 3 SYSTEMPATH\View\View.php(227): CodeIgniter\View\View->CodeIgniter\View\{closure}()
 4 SYSTEMPATH\Common.php(1180): CodeIgniter\View\View->render('member/index', [], true)
 5 APPPATH\Controllers\MemberController.php(19): view('member/index', [...])
 6 SYSTEMPATH\CodeIgniter.php(932): App\Controllers\MemberController->index()
 7 SYSTEMPATH\CodeIgniter.php(497): CodeIgniter\CodeIgniter->runController(Object(App\Controllers\MemberController))
 8 SYSTEMPATH\CodeIgniter.php(366): CodeIgniter\CodeIgniter->handleRequest(null, Object(Config\Cache), false)
 9 FCPATH\index.php(67): CodeIgniter\CodeIgniter->run()
10 SYSTEMPATH\Commands\Server\rewrite.php(47): require_once('C:\\xampp\\htdocs\\ci_crud\\public\\index.php')
CRITICAL - 2023-07-17 04:08:48 --> Attempt to read property "group" on array
in APPPATH\Views\member\index.php on line 30.
 1 APPPATH\Views\member\index.php(30): CodeIgniter\Debug\Exceptions->errorHandler(2, 'Attempt to read property "group" on array', 'C:\\xampp\\htdocs\\ci_crud\\app\\Views\\member\\index.php', 30)
 2 SYSTEMPATH\View\View.php(224): include('C:\\xampp\\htdocs\\ci_crud\\app\\Views\\member\\index.php')
 3 SYSTEMPATH\View\View.php(227): CodeIgniter\View\View->CodeIgniter\View\{closure}()
 4 SYSTEMPATH\Common.php(1180): CodeIgniter\View\View->render('member/index', [], true)
 5 APPPATH\Controllers\MemberController.php(19): view('member/index', [...])
 6 SYSTEMPATH\CodeIgniter.php(932): App\Controllers\MemberController->index()
 7 SYSTEMPATH\CodeIgniter.php(497): CodeIgniter\CodeIgniter->runController(Object(App\Controllers\MemberController))
 8 SYSTEMPATH\CodeIgniter.php(366): CodeIgniter\CodeIgniter->handleRequest(null, Object(Config\Cache), false)
 9 FCPATH\index.php(67): CodeIgniter\CodeIgniter->run()
10 SYSTEMPATH\Commands\Server\rewrite.php(47): require_once('C:\\xampp\\htdocs\\ci_crud\\public\\index.php')
CRITICAL - 2023-07-17 04:08:48 --> Attempt to read property "group" on array
in APPPATH\Views\member\index.php on line 30.
 1 APPPATH\Views\member\index.php(30): CodeIgniter\Debug\Exceptions->errorHandler(2, 'Attempt to read property "group" on array', 'C:\\xampp\\htdocs\\ci_crud\\app\\Views\\member\\index.php', 30)
 2 SYSTEMPATH\View\View.php(224): include('C:\\xampp\\htdocs\\ci_crud\\app\\Views\\member\\index.php')
 3 SYSTEMPATH\View\View.php(227): CodeIgniter\View\View->CodeIgniter\View\{closure}()
 4 SYSTEMPATH\Common.php(1180): CodeIgniter\View\View->render('member/index', [], true)
 5 APPPATH\Controllers\MemberController.php(19): view('member/index', [...])
 6 SYSTEMPATH\CodeIgniter.php(932): App\Controllers\MemberController->index()
 7 SYSTEMPATH\CodeIgniter.php(497): CodeIgniter\CodeIgniter->runController(Object(App\Controllers\MemberController))
 8 SYSTEMPATH\CodeIgniter.php(366): CodeIgniter\CodeIgniter->handleRequest(null, Object(Config\Cache), false)
 9 FCPATH\index.php(67): CodeIgniter\CodeIgniter->run()
10 SYSTEMPATH\Commands\Server\rewrite.php(47): require_once('C:\\xampp\\htdocs\\ci_crud\\public\\index.php')
CRITICAL - 2023-07-17 04:08:48 --> Attempt to read property "group" on array
in APPPATH\Views\member\index.php on line 30.
 1 APPPATH\Views\member\index.php(30): CodeIgniter\Debug\Exceptions->errorHandler(2, 'Attempt to read property "group" on array', 'C:\\xampp\\htdocs\\ci_crud\\app\\Views\\member\\index.php', 30)
 2 SYSTEMPATH\View\View.php(224): include('C:\\xampp\\htdocs\\ci_crud\\app\\Views\\member\\index.php')
 3 SYSTEMPATH\View\View.php(227): CodeIgniter\View\View->CodeIgniter\View\{closure}()
 4 SYSTEMPATH\Common.php(1180): CodeIgniter\View\View->render('member/index', [], true)
 5 APPPATH\Controllers\MemberController.php(19): view('member/index', [...])
 6 SYSTEMPATH\CodeIgniter.php(932): App\Controllers\MemberController->index()
 7 SYSTEMPATH\CodeIgniter.php(497): CodeIgniter\CodeIgniter->runController(Object(App\Controllers\MemberController))
 8 SYSTEMPATH\CodeIgniter.php(366): CodeIgniter\CodeIgniter->handleRequest(null, Object(Config\Cache), false)
 9 FCPATH\index.php(67): CodeIgniter\CodeIgniter->run()
10 SYSTEMPATH\Commands\Server\rewrite.php(47): require_once('C:\\xampp\\htdocs\\ci_crud\\public\\index.php')
INFO - 2023-07-17 04:12:43 --> Session: Class initialized using 'CodeIgniter\Session\Handlers\FileHandler' driver.
INFO - 2023-07-17 04:14:39 --> Session: Class initialized using 'CodeIgniter\Session\Handlers\FileHandler' driver.
INFO - 2023-07-17 04:14:50 --> Session: Class initialized using 'CodeIgniter\Session\Handlers\FileHandler' driver.
ERROR - 2023-07-17 07:24:31 --> mysqli_sql_exception: Column 'nama_member' cannot be null in C:\xampp\htdocs\ci_crud\system\Database\MySQLi\Connection.php:295
Stack trace:
#0 C:\xampp\htdocs\ci_crud\system\Database\MySQLi\Connection.php(295): mysqli->query('INSERT INTO `tb...', 0)
#1 C:\xampp\htdocs\ci_crud\system\Database\BaseConnection.php(692): CodeIgniter\Database\MySQLi\Connection->execute('INSERT INTO `tb...')
#2 C:\xampp\htdocs\ci_crud\system\Database\BaseConnection.php(606): CodeIgniter\Database\BaseConnection->simpleQuery('INSERT INTO `tb...')
#3 C:\xampp\htdocs\ci_crud\system\Database\BaseBuilder.php(2309): CodeIgniter\Database\BaseConnection->query('INSERT INTO `tb...', Array, false)
#4 C:\xampp\htdocs\ci_crud\system\Model.php(330): CodeIgniter\Database\BaseBuilder->insert()
#5 C:\xampp\htdocs\ci_crud\system\BaseModel.php(782): CodeIgniter\Model->doInsert(Array)
#6 C:\xampp\htdocs\ci_crud\system\Model.php(730): CodeIgniter\BaseModel->insert(Array, true)
#7 C:\xampp\htdocs\ci_crud\app\Models\MemberModel.php(30): CodeIgniter\Model->insert(Array)
#8 C:\xampp\htdocs\ci_crud\app\Controllers\MemberController.php(35): App\Models\MemberModel->createMember(Array)
#9 C:\xampp\htdocs\ci_crud\system\CodeIgniter.php(932): App\Controllers\MemberController->create()
#10 C:\xampp\htdocs\ci_crud\system\CodeIgniter.php(497): CodeIgniter\CodeIgniter->runController(Object(App\Controllers\MemberController))
#11 C:\xampp\htdocs\ci_crud\system\CodeIgniter.php(366): CodeIgniter\CodeIgniter->handleRequest(NULL, Object(Config\Cache), false)
#12 C:\xampp\htdocs\ci_crud\public\index.php(67): CodeIgniter\CodeIgniter->run()
#13 C:\xampp\htdocs\ci_crud\system\Commands\Server\rewrite.php(47): require_once('C:\\xampp\\htdocs...')
#14 {main}
CRITICAL - 2023-07-17 07:24:31 --> Column 'nama_member' cannot be null
in SYSTEMPATH\Database\MySQLi\Connection.php on line 295.
 1 SYSTEMPATH\Database\MySQLi\Connection.php(295): mysqli->query('INSERT INTO `tb_member` (`id_group`, `nama_member`, `alamat_member`, `email_member`, `telp_member`, `password_member`) VALUES (\'1\', NULL, NULL, NULL, NULL, NULL)', 0)
 2 SYSTEMPATH\Database\BaseConnection.php(692): CodeIgniter\Database\MySQLi\Connection->execute('INSERT INTO `tb_member` (`id_group`, `nama_member`, `alamat_member`, `email_member`, `telp_member`, `password_member`) VALUES (\'1\', NULL, NULL, NULL, NULL, NULL)')
 3 SYSTEMPATH\Database\BaseConnection.php(606): CodeIgniter\Database\BaseConnection->simpleQuery('INSERT INTO `tb_member` (`id_group`, `nama_member`, `alamat_member`, `email_member`, `telp_member`, `password_member`) VALUES (\'1\', NULL, NULL, NULL, NULL, NULL)')
 4 SYSTEMPATH\Database\BaseBuilder.php(2309): CodeIgniter\Database\BaseConnection->query('INSERT INTO `tb_member` (`id_group`, `nama_member`, `alamat_member`, `email_member`, `telp_member`, `password_member`) VALUES (:id_group:, :nama_member:, :alamat_member:, :email_member:, :telp_member:, :password_member:)', [...], false)
 5 SYSTEMPATH\Model.php(330): CodeIgniter\Database\BaseBuilder->insert()
 6 SYSTEMPATH\BaseModel.php(782): CodeIgniter\Model->doInsert([...])
 7 SYSTEMPATH\Model.php(730): CodeIgniter\BaseModel->insert([...], true)
 8 APPPATH\Models\MemberModel.php(30): CodeIgniter\Model->insert([...])
 9 APPPATH\Controllers\MemberController.php(35): App\Models\MemberModel->createMember([...])
10 SYSTEMPATH\CodeIgniter.php(932): App\Controllers\MemberController->create()
11 SYSTEMPATH\CodeIgniter.php(497): CodeIgniter\CodeIgniter->runController(Object(App\Controllers\MemberController))
12 SYSTEMPATH\CodeIgniter.php(366): CodeIgniter\CodeIgniter->handleRequest(null, Object(Config\Cache), false)
13 FCPATH\index.php(67): CodeIgniter\CodeIgniter->run()
14 SYSTEMPATH\Commands\Server\rewrite.php(47): require_once('C:\\xampp\\htdocs\\ci_crud\\public\\index.php')
ERROR - 2023-07-17 07:24:48 --> mysqli_sql_exception: Column 'nama_member' cannot be null in C:\xampp\htdocs\ci_crud\system\Database\MySQLi\Connection.php:295
Stack trace:
#0 C:\xampp\htdocs\ci_crud\system\Database\MySQLi\Connection.php(295): mysqli->query('INSERT INTO `tb...', 0)
#1 C:\xampp\htdocs\ci_crud\system\Database\BaseConnection.php(692): CodeIgniter\Database\MySQLi\Connection->execute('INSERT INTO `tb...')
#2 C:\xampp\htdocs\ci_crud\system\Database\BaseConnection.php(606): CodeIgniter\Database\BaseConnection->simpleQuery('INSERT INTO `tb...')
#3 C:\xampp\htdocs\ci_crud\system\Database\BaseBuilder.php(2309): CodeIgniter\Database\BaseConnection->query('INSERT INTO `tb...', Array, false)
#4 C:\xampp\htdocs\ci_crud\system\Model.php(330): CodeIgniter\Database\BaseBuilder->insert()
#5 C:\xampp\htdocs\ci_crud\system\BaseModel.php(782): CodeIgniter\Model->doInsert(Array)
#6 C:\xampp\htdocs\ci_crud\system\Model.php(730): CodeIgniter\BaseModel->insert(Array, true)
#7 C:\xampp\htdocs\ci_crud\app\Models\MemberModel.php(30): CodeIgniter\Model->insert(Array)
#8 C:\xampp\htdocs\ci_crud\app\Controllers\MemberController.php(35): App\Models\MemberModel->createMember(Array)
#9 C:\xampp\htdocs\ci_crud\system\CodeIgniter.php(932): App\Controllers\MemberController->create()
#10 C:\xampp\htdocs\ci_crud\system\CodeIgniter.php(497): CodeIgniter\CodeIgniter->runController(Object(App\Controllers\MemberController))
#11 C:\xampp\htdocs\ci_crud\system\CodeIgniter.php(366): CodeIgniter\CodeIgniter->handleRequest(NULL, Object(Config\Cache), false)
#12 C:\xampp\htdocs\ci_crud\public\index.php(67): CodeIgniter\CodeIgniter->run()
#13 C:\xampp\htdocs\ci_crud\system\Commands\Server\rewrite.php(47): require_once('C:\\xampp\\htdocs...')
#14 {main}
CRITICAL - 2023-07-17 07:24:48 --> Column 'nama_member' cannot be null
in SYSTEMPATH\Database\MySQLi\Connection.php on line 295.
 1 SYSTEMPATH\Database\MySQLi\Connection.php(295): mysqli->query('INSERT INTO `tb_member` (`id_group`, `nama_member`, `alamat_member`, `email_member`, `telp_member`, `password_member`) VALUES (\'1\', NULL, NULL, NULL, NULL, NULL)', 0)
 2 SYSTEMPATH\Database\BaseConnection.php(692): CodeIgniter\Database\MySQLi\Connection->execute('INSERT INTO `tb_member` (`id_group`, `nama_member`, `alamat_member`, `email_member`, `telp_member`, `password_member`) VALUES (\'1\', NULL, NULL, NULL, NULL, NULL)')
 3 SYSTEMPATH\Database\BaseConnection.php(606): CodeIgniter\Database\BaseConnection->simpleQuery('INSERT INTO `tb_member` (`id_group`, `nama_member`, `alamat_member`, `email_member`, `telp_member`, `password_member`) VALUES (\'1\', NULL, NULL, NULL, NULL, NULL)')
 4 SYSTEMPATH\Database\BaseBuilder.php(2309): CodeIgniter\Database\BaseConnection->query('INSERT INTO `tb_member` (`id_group`, `nama_member`, `alamat_member`, `email_member`, `telp_member`, `password_member`) VALUES (:id_group:, :nama_member:, :alamat_member:, :email_member:, :telp_member:, :password_member:)', [...], false)
 5 SYSTEMPATH\Model.php(330): CodeIgniter\Database\BaseBuilder->insert()
 6 SYSTEMPATH\BaseModel.php(782): CodeIgniter\Model->doInsert([...])
 7 SYSTEMPATH\Model.php(730): CodeIgniter\BaseModel->insert([...], true)
 8 APPPATH\Models\MemberModel.php(30): CodeIgniter\Model->insert([...])
 9 APPPATH\Controllers\MemberController.php(35): App\Models\MemberModel->createMember([...])
10 SYSTEMPATH\CodeIgniter.php(932): App\Controllers\MemberController->create()
11 SYSTEMPATH\CodeIgniter.php(497): CodeIgniter\CodeIgniter->runController(Object(App\Controllers\MemberController))
12 SYSTEMPATH\CodeIgniter.php(366): CodeIgniter\CodeIgniter->handleRequest(null, Object(Config\Cache), false)
13 FCPATH\index.php(67): CodeIgniter\CodeIgniter->run()
14 SYSTEMPATH\Commands\Server\rewrite.php(47): require_once('C:\\xampp\\htdocs\\ci_crud\\public\\index.php')
INFO - 2023-07-17 07:26:29 --> Session: Class initialized using 'CodeIgniter\Session\Handlers\FileHandler' driver.
INFO - 2023-07-17 07:31:16 --> Session: Class initialized using 'CodeIgniter\Session\Handlers\FileHandler' driver.
INFO - 2023-07-17 07:31:23 --> Session: Class initialized using 'CodeIgniter\Session\Handlers\FileHandler' driver.
INFO - 2023-07-17 08:08:56 --> Session: Class initialized using 'CodeIgniter\Session\Handlers\FileHandler' driver.
INFO - 2023-07-17 08:20:08 --> Session: Class initialized using 'CodeIgniter\Session\Handlers\FileHandler' driver.
ERROR - 2023-07-17 08:23:17 --> mysqli_sql_exception: Unknown table 'db_ci4.tb_kirim_email' in C:\xampp\htdocs\ci_crud\system\Database\MySQLi\Connection.php:295
Stack trace:
#0 C:\xampp\htdocs\ci_crud\system\Database\MySQLi\Connection.php(295): mysqli->query('DROP TABLE `tb_...', 0)
#1 C:\xampp\htdocs\ci_crud\system\Database\BaseConnection.php(692): CodeIgniter\Database\MySQLi\Connection->execute('DROP TABLE `tb_...')
#2 C:\xampp\htdocs\ci_crud\system\Database\BaseConnection.php(606): CodeIgniter\Database\BaseConnection->simpleQuery('DROP TABLE `tb_...')
#3 C:\xampp\htdocs\ci_crud\system\Database\Forge.php(637): CodeIgniter\Database\BaseConnection->query('DROP TABLE `tb_...')
#4 C:\xampp\htdocs\ci_crud\app\Database\Migrations\2023-07-17-081158_TbKirimEmail.php(29): CodeIgniter\Database\Forge->dropTable('tb_kirim_email')
#5 C:\xampp\htdocs\ci_crud\system\Database\MigrationRunner.php(877): App\Database\Migrations\TbKirimEmail->down()
#6 C:\xampp\htdocs\ci_crud\system\Database\MigrationRunner.php(299): CodeIgniter\Database\MigrationRunner->migrate('down', Object(stdClass))
#7 C:\xampp\htdocs\ci_crud\system\Commands\Database\MigrateRollback.php(92): CodeIgniter\Database\MigrationRunner->regress(0)
#8 C:\xampp\htdocs\ci_crud\system\CLI\Commands.php(65): CodeIgniter\Commands\Database\MigrateRollback->run(Array)
#9 C:\xampp\htdocs\ci_crud\system\CLI\BaseCommand.php(114): CodeIgniter\CLI\Commands->run('migrate:rollbac...', Array)
#10 C:\xampp\htdocs\ci_crud\system\Commands\Database\MigrateRefresh.php(84): CodeIgniter\CLI\BaseCommand->call('migrate:rollbac...', Array)
#11 C:\xampp\htdocs\ci_crud\system\CLI\Commands.php(65): CodeIgniter\Commands\Database\MigrateRefresh->run(Array)
#12 C:\xampp\htdocs\ci_crud\system\CLI\Console.php(37): CodeIgniter\CLI\Commands->run('migrate:refresh', Array)
#13 C:\xampp\htdocs\ci_crud\spark(97): CodeIgniter\CLI\Console->run()
#14 {main}
CRITICAL - 2023-07-17 08:48:56 --> Undefined array key "nama_group"
in APPPATH\Views\member\index.php on line 30.
 1 APPPATH\Views\member\index.php(30): CodeIgniter\Debug\Exceptions->errorHandler(2, 'Undefined array key "nama_group"', 'C:\\xampp\\htdocs\\ci_crud\\app\\Views\\member\\index.php', 30)
 2 SYSTEMPATH\View\View.php(224): include('C:\\xampp\\htdocs\\ci_crud\\app\\Views\\member\\index.php')
 3 SYSTEMPATH\View\View.php(227): CodeIgniter\View\View->CodeIgniter\View\{closure}()
 4 SYSTEMPATH\Common.php(1180): CodeIgniter\View\View->render('member/index', [], true)
 5 APPPATH\Controllers\MemberController.php(19): view('member/index', [...])
 6 SYSTEMPATH\CodeIgniter.php(932): App\Controllers\MemberController->index()
 7 SYSTEMPATH\CodeIgniter.php(497): CodeIgniter\CodeIgniter->runController(Object(App\Controllers\MemberController))
 8 SYSTEMPATH\CodeIgniter.php(366): CodeIgniter\CodeIgniter->handleRequest(null, Object(Config\Cache), false)
 9 FCPATH\index.php(67): CodeIgniter\CodeIgniter->run()
10 SYSTEMPATH\Commands\Server\rewrite.php(47): require_once('C:\\xampp\\htdocs\\ci_crud\\public\\index.php')
CRITICAL - 2023-07-17 08:49:33 --> Undefined variable $kirim_emails
in APPPATH\Views\member\index.php on line 22.
 1 APPPATH\Views\member\index.php(22): CodeIgniter\Debug\Exceptions->errorHandler(2, 'Undefined variable $kirim_emails', 'C:\\xampp\\htdocs\\ci_crud\\app\\Views\\member\\index.php', 22)
 2 SYSTEMPATH\View\View.php(224): include('C:\\xampp\\htdocs\\ci_crud\\app\\Views\\member\\index.php')
 3 SYSTEMPATH\View\View.php(227): CodeIgniter\View\View->CodeIgniter\View\{closure}()
 4 SYSTEMPATH\Common.php(1180): CodeIgniter\View\View->render('member/index', [], true)
 5 APPPATH\Controllers\MemberController.php(19): view('member/index', [...])
 6 SYSTEMPATH\CodeIgniter.php(932): App\Controllers\MemberController->index()
 7 SYSTEMPATH\CodeIgniter.php(497): CodeIgniter\CodeIgniter->runController(Object(App\Controllers\MemberController))
 8 SYSTEMPATH\CodeIgniter.php(366): CodeIgniter\CodeIgniter->handleRequest(null, Object(Config\Cache), false)
 9 FCPATH\index.php(67): CodeIgniter\CodeIgniter->run()
10 SYSTEMPATH\Commands\Server\rewrite.php(47): require_once('C:\\xampp\\htdocs\\ci_crud\\public\\index.php')
CRITICAL - 2023-07-17 08:50:34 --> Undefined variable $email
in APPPATH\Views\member\index.php on line 24.
 1 APPPATH\Views\member\index.php(24): CodeIgniter\Debug\Exceptions->errorHandler(2, 'Undefined variable $email', 'C:\\xampp\\htdocs\\ci_crud\\app\\Views\\member\\index.php', 24)
 2 SYSTEMPATH\View\View.php(224): include('C:\\xampp\\htdocs\\ci_crud\\app\\Views\\member\\index.php')
 3 SYSTEMPATH\View\View.php(227): CodeIgniter\View\View->CodeIgniter\View\{closure}()
 4 SYSTEMPATH\Common.php(1180): CodeIgniter\View\View->render('member/index', [], true)
 5 APPPATH\Controllers\MemberController.php(19): view('member/index', [...])
 6 SYSTEMPATH\CodeIgniter.php(932): App\Controllers\MemberController->index()
 7 SYSTEMPATH\CodeIgniter.php(497): CodeIgniter\CodeIgniter->runController(Object(App\Controllers\MemberController))
 8 SYSTEMPATH\CodeIgniter.php(366): CodeIgniter\CodeIgniter->handleRequest(null, Object(Config\Cache), false)
 9 FCPATH\index.php(67): CodeIgniter\CodeIgniter->run()
10 SYSTEMPATH\Commands\Server\rewrite.php(47): require_once('C:\\xampp\\htdocs\\ci_crud\\public\\index.php')
CRITICAL - 2023-07-17 08:50:54 --> Undefined array key "password"
in APPPATH\Views\member\index.php on line 26.
 1 APPPATH\Views\member\index.php(26): CodeIgniter\Debug\Exceptions->errorHandler(2, 'Undefined array key "password"', 'C:\\xampp\\htdocs\\ci_crud\\app\\Views\\member\\index.php', 26)
 2 SYSTEMPATH\View\View.php(224): include('C:\\xampp\\htdocs\\ci_crud\\app\\Views\\member\\index.php')
 3 SYSTEMPATH\View\View.php(227): CodeIgniter\View\View->CodeIgniter\View\{closure}()
 4 SYSTEMPATH\Common.php(1180): CodeIgniter\View\View->render('member/index', [], true)
 5 APPPATH\Controllers\MemberController.php(19): view('member/index', [...])
 6 SYSTEMPATH\CodeIgniter.php(932): App\Controllers\MemberController->index()
 7 SYSTEMPATH\CodeIgniter.php(497): CodeIgniter\CodeIgniter->runController(Object(App\Controllers\MemberController))
 8 SYSTEMPATH\CodeIgniter.php(366): CodeIgniter\CodeIgniter->handleRequest(null, Object(Config\Cache), false)
 9 FCPATH\index.php(67): CodeIgniter\CodeIgniter->run()
10 SYSTEMPATH\Commands\Server\rewrite.php(47): require_once('C:\\xampp\\htdocs\\ci_crud\\public\\index.php')
