INFO - 2023-07-21 01:51:18 --> Session: Class initialized using 'CodeIgniter\Session\Handlers\FileHandler' driver.
INFO - 2023-07-21 01:58:13 --> Session: Class initialized using 'CodeIgniter\Session\Handlers\FileHandler' driver.
INFO - 2023-07-21 02:12:14 --> Session: Class initialized using 'CodeIgniter\Session\Handlers\FileHandler' driver.
INFO - 2023-07-21 02:18:38 --> Session: Class initialized using 'CodeIgniter\Session\Handlers\FileHandler' driver.
INFO - 2023-07-21 02:20:10 --> Session: Class initialized using 'CodeIgniter\Session\Handlers\FileHandler' driver.
INFO - 2023-07-21 02:20:14 --> Session: Class initialized using 'CodeIgniter\Session\Handlers\FileHandler' driver.
INFO - 2023-07-21 02:21:16 --> Session: Class initialized using 'CodeIgniter\Session\Handlers\FileHandler' driver.
INFO - 2023-07-21 02:24:37 --> Session: Class initialized using 'CodeIgniter\Session\Handlers\FileHandler' driver.
INFO - 2023-07-21 02:24:41 --> Session: Class initialized using 'CodeIgniter\Session\Handlers\FileHandler' driver.
INFO - 2023-07-21 02:25:22 --> Session: Class initialized using 'CodeIgniter\Session\Handlers\FileHandler' driver.
INFO - 2023-07-21 02:25:27 --> Session: Class initialized using 'CodeIgniter\Session\Handlers\FileHandler' driver.
INFO - 2023-07-21 02:26:00 --> Session: Class initialized using 'CodeIgniter\Session\Handlers\FileHandler' driver.
INFO - 2023-07-21 02:26:17 --> Session: Class initialized using 'CodeIgniter\Session\Handlers\FileHandler' driver.
INFO - 2023-07-21 02:26:23 --> Session: Class initialized using 'CodeIgniter\Session\Handlers\FileHandler' driver.
INFO - 2023-07-21 02:26:35 --> Session: Class initialized using 'CodeIgniter\Session\Handlers\FileHandler' driver.
INFO - 2023-07-21 02:27:40 --> Session: Class initialized using 'CodeIgniter\Session\Handlers\FileHandler' driver.
INFO - 2023-07-21 02:27:54 --> Session: Class initialized using 'CodeIgniter\Session\Handlers\FileHandler' driver.
INFO - 2023-07-21 02:36:50 --> Session: Class initialized using 'CodeIgniter\Session\Handlers\FileHandler' driver.
INFO - 2023-07-21 02:36:54 --> Session: Class initialized using 'CodeIgniter\Session\Handlers\FileHandler' driver.
INFO - 2023-07-21 02:36:58 --> Session: Class initialized using 'CodeIgniter\Session\Handlers\FileHandler' driver.
INFO - 2023-07-21 02:38:00 --> Session: Class initialized using 'CodeIgniter\Session\Handlers\FileHandler' driver.
INFO - 2023-07-21 02:38:05 --> Session: Class initialized using 'CodeIgniter\Session\Handlers\FileHandler' driver.
INFO - 2023-07-21 02:39:28 --> Session: Class initialized using 'CodeIgniter\Session\Handlers\FileHandler' driver.
INFO - 2023-07-21 02:43:40 --> Session: Class initialized using 'CodeIgniter\Session\Handlers\FileHandler' driver.
INFO - 2023-07-21 02:43:57 --> Session: Class initialized using 'CodeIgniter\Session\Handlers\FileHandler' driver.
INFO - 2023-07-21 02:44:25 --> Session: Class initialized using 'CodeIgniter\Session\Handlers\FileHandler' driver.
INFO - 2023-07-21 02:46:56 --> Session: Class initialized using 'CodeIgniter\Session\Handlers\FileHandler' driver.
INFO - 2023-07-21 02:47:48 --> Session: Class initialized using 'CodeIgniter\Session\Handlers\FileHandler' driver.
CRITICAL - 2023-07-21 02:52:49 --> Too few arguments to function App\Models\KirimEmailModel::getLaporan(), 0 passed in C:\xampp\htdocs\ci_crud\app\Controllers\MemberController.php on line 297 and exactly 2 expected
in APPPATH\Models\KirimEmailModel.php on line 13.
 1 APPPATH\Controllers\MemberController.php(297): App\Models\KirimEmailModel->getLaporan()
 2 SYSTEMPATH\CodeIgniter.php(932): App\Controllers\MemberController->laporan()
 3 SYSTEMPATH\CodeIgniter.php(497): CodeIgniter\CodeIgniter->runController(Object(App\Controllers\MemberController))
 4 SYSTEMPATH\CodeIgniter.php(366): CodeIgniter\CodeIgniter->handleRequest(null, Object(Config\Cache), false)
 5 FCPATH\index.php(67): CodeIgniter\CodeIgniter->run()
 6 SYSTEMPATH\Commands\Server\rewrite.php(47): require_once('C:\\xampp\\htdocs\\ci_crud\\public\\index.php')
CRITICAL - 2023-07-21 03:03:18 --> Too few arguments to function App\Models\KirimEmailModel::getLaporan(), 0 passed in C:\xampp\htdocs\ci_crud\app\Controllers\MemberController.php on line 297 and exactly 2 expected
in APPPATH\Models\KirimEmailModel.php on line 29.
 1 APPPATH\Controllers\MemberController.php(297): App\Models\KirimEmailModel->getLaporan()
 2 SYSTEMPATH\CodeIgniter.php(932): App\Controllers\MemberController->laporan()
 3 SYSTEMPATH\CodeIgniter.php(497): CodeIgniter\CodeIgniter->runController(Object(App\Controllers\MemberController))
 4 SYSTEMPATH\CodeIgniter.php(366): CodeIgniter\CodeIgniter->handleRequest(null, Object(Config\Cache), false)
 5 FCPATH\index.php(67): CodeIgniter\CodeIgniter->run()
 6 SYSTEMPATH\Commands\Server\rewrite.php(47): require_once('C:\\xampp\\htdocs\\ci_crud\\public\\index.php')
ERROR - 2023-07-21 03:03:42 --> mysqli_sql_exception: You have an error in your SQL syntax; check the manual that corresponds to your MariaDB server version for the right syntax to use near '?, 1, 0)) as total
FROM `tb_kirim_email`
JOIN `tb_member` ON `tb_member`.`id_...' at line 1 in C:\xampp\htdocs\ci_crud\system\Database\MySQLi\Connection.php:295
Stack trace:
#0 C:\xampp\htdocs\ci_crud\system\Database\MySQLi\Connection.php(295): mysqli->query('SELECT `nama_me...', 0)
#1 C:\xampp\htdocs\ci_crud\system\Database\BaseConnection.php(692): CodeIgniter\Database\MySQLi\Connection->execute('SELECT `nama_me...')
#2 C:\xampp\htdocs\ci_crud\system\Database\BaseConnection.php(606): CodeIgniter\Database\BaseConnection->simpleQuery('SELECT `nama_me...')
#3 C:\xampp\htdocs\ci_crud\system\Database\BaseBuilder.php(1616): CodeIgniter\Database\BaseConnection->query('SELECT `nama_me...', Array, false)
#4 C:\xampp\htdocs\ci_crud\app\Models\KirimEmailModel.php(37): CodeIgniter\Database\BaseBuilder->get(7)
#5 C:\xampp\htdocs\ci_crud\app\Controllers\MemberController.php(321): App\Models\KirimEmailModel->getLaporan('7', '2022')
#6 C:\xampp\htdocs\ci_crud\system\CodeIgniter.php(932): App\Controllers\MemberController->laporan()
#7 C:\xampp\htdocs\ci_crud\system\CodeIgniter.php(497): CodeIgniter\CodeIgniter->runController(Object(App\Controllers\MemberController))
#8 C:\xampp\htdocs\ci_crud\system\CodeIgniter.php(366): CodeIgniter\CodeIgniter->handleRequest(NULL, Object(Config\Cache), false)
#9 C:\xampp\htdocs\ci_crud\public\index.php(67): CodeIgniter\CodeIgniter->run()
#10 C:\xampp\htdocs\ci_crud\system\Commands\Server\rewrite.php(47): require_once('C:\\xampp\\htdocs...')
#11 {main}
CRITICAL - 2023-07-21 03:03:43 --> You have an error in your SQL syntax; check the manual that corresponds to your MariaDB server version for the right syntax to use near '?, 1, 0)) as total
FROM `tb_kirim_email`
JOIN `tb_member` ON `tb_member`.`id_...' at line 1
in SYSTEMPATH\Database\MySQLi\Connection.php on line 295.
 1 SYSTEMPATH\Database\MySQLi\Connection.php(295): mysqli->query('SELECT `nama_member`, SUM(IF(MONTH(tgl_kirim_email) = ?, 1, 0)) as total
FROM `tb_kirim_email`
JOIN `tb_member` ON `tb_member`.`id_member` = `tb_kirim_email`.`id_member`
WHERE YEAR(tgl_kirim_email) = \'2022\'
GROUP BY `tb_kirim_email`.`id_member`
 LIMIT 7', 0)
 2 SYSTEMPATH\Database\BaseConnection.php(692): CodeIgniter\Database\MySQLi\Connection->execute('SELECT `nama_member`, SUM(IF(MONTH(tgl_kirim_email) = ?, 1, 0)) as total
FROM `tb_kirim_email`
JOIN `tb_member` ON `tb_member`.`id_member` = `tb_kirim_email`.`id_member`
WHERE YEAR(tgl_kirim_email) = \'2022\'
GROUP BY `tb_kirim_email`.`id_member`
 LIMIT 7')
 3 SYSTEMPATH\Database\BaseConnection.php(606): CodeIgniter\Database\BaseConnection->simpleQuery('SELECT `nama_member`, SUM(IF(MONTH(tgl_kirim_email) = ?, 1, 0)) as total
FROM `tb_kirim_email`
JOIN `tb_member` ON `tb_member`.`id_member` = `tb_kirim_email`.`id_member`
WHERE YEAR(tgl_kirim_email) = \'2022\'
GROUP BY `tb_kirim_email`.`id_member`
 LIMIT 7')
 4 SYSTEMPATH\Database\BaseBuilder.php(1616): CodeIgniter\Database\BaseConnection->query('SELECT `nama_member`, SUM(IF(MONTH(tgl_kirim_email) = ?, 1, 0)) as total
FROM `tb_kirim_email`
JOIN `tb_member` ON `tb_member`.`id_member` = `tb_kirim_email`.`id_member`
WHERE YEAR(tgl_kirim_email) = :YEAR(tgl_kirim_email):
GROUP BY `tb_kirim_email`.`id_member`
 LIMIT 7', [...], false)
 5 APPPATH\Models\KirimEmailModel.php(37): CodeIgniter\Database\BaseBuilder->get(7)
 6 APPPATH\Controllers\MemberController.php(321): App\Models\KirimEmailModel->getLaporan('7', '2022')
 7 SYSTEMPATH\CodeIgniter.php(932): App\Controllers\MemberController->laporan()
 8 SYSTEMPATH\CodeIgniter.php(497): CodeIgniter\CodeIgniter->runController(Object(App\Controllers\MemberController))
 9 SYSTEMPATH\CodeIgniter.php(366): CodeIgniter\CodeIgniter->handleRequest(null, Object(Config\Cache), false)
10 FCPATH\index.php(67): CodeIgniter\CodeIgniter->run()
11 SYSTEMPATH\Commands\Server\rewrite.php(47): require_once('C:\\xampp\\htdocs\\ci_crud\\public\\index.php')
ERROR - 2023-07-21 03:03:44 --> mysqli_sql_exception: You have an error in your SQL syntax; check the manual that corresponds to your MariaDB server version for the right syntax to use near '?, 1, 0)) as total
FROM `tb_kirim_email`
JOIN `tb_member` ON `tb_member`.`id_...' at line 1 in C:\xampp\htdocs\ci_crud\system\Database\MySQLi\Connection.php:295
Stack trace:
#0 C:\xampp\htdocs\ci_crud\system\Database\MySQLi\Connection.php(295): mysqli->query('SELECT `nama_me...', 0)
#1 C:\xampp\htdocs\ci_crud\system\Database\BaseConnection.php(692): CodeIgniter\Database\MySQLi\Connection->execute('SELECT `nama_me...')
#2 C:\xampp\htdocs\ci_crud\system\Database\BaseConnection.php(606): CodeIgniter\Database\BaseConnection->simpleQuery('SELECT `nama_me...')
#3 C:\xampp\htdocs\ci_crud\system\Database\BaseBuilder.php(1616): CodeIgniter\Database\BaseConnection->query('SELECT `nama_me...', Array, false)
#4 C:\xampp\htdocs\ci_crud\app\Models\KirimEmailModel.php(37): CodeIgniter\Database\BaseBuilder->get(7)
#5 C:\xampp\htdocs\ci_crud\app\Controllers\MemberController.php(321): App\Models\KirimEmailModel->getLaporan('7', '2023')
#6 C:\xampp\htdocs\ci_crud\system\CodeIgniter.php(932): App\Controllers\MemberController->laporan()
#7 C:\xampp\htdocs\ci_crud\system\CodeIgniter.php(497): CodeIgniter\CodeIgniter->runController(Object(App\Controllers\MemberController))
#8 C:\xampp\htdocs\ci_crud\system\CodeIgniter.php(366): CodeIgniter\CodeIgniter->handleRequest(NULL, Object(Config\Cache), false)
#9 C:\xampp\htdocs\ci_crud\public\index.php(67): CodeIgniter\CodeIgniter->run()
#10 C:\xampp\htdocs\ci_crud\system\Commands\Server\rewrite.php(47): require_once('C:\\xampp\\htdocs...')
#11 {main}
CRITICAL - 2023-07-21 03:03:45 --> You have an error in your SQL syntax; check the manual that corresponds to your MariaDB server version for the right syntax to use near '?, 1, 0)) as total
FROM `tb_kirim_email`
JOIN `tb_member` ON `tb_member`.`id_...' at line 1
in SYSTEMPATH\Database\MySQLi\Connection.php on line 295.
 1 SYSTEMPATH\Database\MySQLi\Connection.php(295): mysqli->query('SELECT `nama_member`, SUM(IF(MONTH(tgl_kirim_email) = ?, 1, 0)) as total
FROM `tb_kirim_email`
JOIN `tb_member` ON `tb_member`.`id_member` = `tb_kirim_email`.`id_member`
WHERE YEAR(tgl_kirim_email) = \'2023\'
GROUP BY `tb_kirim_email`.`id_member`
 LIMIT 7', 0)
 2 SYSTEMPATH\Database\BaseConnection.php(692): CodeIgniter\Database\MySQLi\Connection->execute('SELECT `nama_member`, SUM(IF(MONTH(tgl_kirim_email) = ?, 1, 0)) as total
FROM `tb_kirim_email`
JOIN `tb_member` ON `tb_member`.`id_member` = `tb_kirim_email`.`id_member`
WHERE YEAR(tgl_kirim_email) = \'2023\'
GROUP BY `tb_kirim_email`.`id_member`
 LIMIT 7')
 3 SYSTEMPATH\Database\BaseConnection.php(606): CodeIgniter\Database\BaseConnection->simpleQuery('SELECT `nama_member`, SUM(IF(MONTH(tgl_kirim_email) = ?, 1, 0)) as total
FROM `tb_kirim_email`
JOIN `tb_member` ON `tb_member`.`id_member` = `tb_kirim_email`.`id_member`
WHERE YEAR(tgl_kirim_email) = \'2023\'
GROUP BY `tb_kirim_email`.`id_member`
 LIMIT 7')
 4 SYSTEMPATH\Database\BaseBuilder.php(1616): CodeIgniter\Database\BaseConnection->query('SELECT `nama_member`, SUM(IF(MONTH(tgl_kirim_email) = ?, 1, 0)) as total
FROM `tb_kirim_email`
JOIN `tb_member` ON `tb_member`.`id_member` = `tb_kirim_email`.`id_member`
WHERE YEAR(tgl_kirim_email) = :YEAR(tgl_kirim_email):
GROUP BY `tb_kirim_email`.`id_member`
 LIMIT 7', [...], false)
 5 APPPATH\Models\KirimEmailModel.php(37): CodeIgniter\Database\BaseBuilder->get(7)
 6 APPPATH\Controllers\MemberController.php(321): App\Models\KirimEmailModel->getLaporan('7', '2023')
 7 SYSTEMPATH\CodeIgniter.php(932): App\Controllers\MemberController->laporan()
 8 SYSTEMPATH\CodeIgniter.php(497): CodeIgniter\CodeIgniter->runController(Object(App\Controllers\MemberController))
 9 SYSTEMPATH\CodeIgniter.php(366): CodeIgniter\CodeIgniter->handleRequest(null, Object(Config\Cache), false)
10 FCPATH\index.php(67): CodeIgniter\CodeIgniter->run()
11 SYSTEMPATH\Commands\Server\rewrite.php(47): require_once('C:\\xampp\\htdocs\\ci_crud\\public\\index.php')
ERROR - 2023-07-21 03:03:46 --> mysqli_sql_exception: You have an error in your SQL syntax; check the manual that corresponds to your MariaDB server version for the right syntax to use near '?, 1, 0)) as total
FROM `tb_kirim_email`
JOIN `tb_member` ON `tb_member`.`id_...' at line 1 in C:\xampp\htdocs\ci_crud\system\Database\MySQLi\Connection.php:295
Stack trace:
#0 C:\xampp\htdocs\ci_crud\system\Database\MySQLi\Connection.php(295): mysqli->query('SELECT `nama_me...', 0)
#1 C:\xampp\htdocs\ci_crud\system\Database\BaseConnection.php(692): CodeIgniter\Database\MySQLi\Connection->execute('SELECT `nama_me...')
#2 C:\xampp\htdocs\ci_crud\system\Database\BaseConnection.php(606): CodeIgniter\Database\BaseConnection->simpleQuery('SELECT `nama_me...')
#3 C:\xampp\htdocs\ci_crud\system\Database\BaseBuilder.php(1616): CodeIgniter\Database\BaseConnection->query('SELECT `nama_me...', Array, false)
#4 C:\xampp\htdocs\ci_crud\app\Models\KirimEmailModel.php(37): CodeIgniter\Database\BaseBuilder->get(6)
#5 C:\xampp\htdocs\ci_crud\app\Controllers\MemberController.php(321): App\Models\KirimEmailModel->getLaporan('6', '2023')
#6 C:\xampp\htdocs\ci_crud\system\CodeIgniter.php(932): App\Controllers\MemberController->laporan()
#7 C:\xampp\htdocs\ci_crud\system\CodeIgniter.php(497): CodeIgniter\CodeIgniter->runController(Object(App\Controllers\MemberController))
#8 C:\xampp\htdocs\ci_crud\system\CodeIgniter.php(366): CodeIgniter\CodeIgniter->handleRequest(NULL, Object(Config\Cache), false)
#9 C:\xampp\htdocs\ci_crud\public\index.php(67): CodeIgniter\CodeIgniter->run()
#10 C:\xampp\htdocs\ci_crud\system\Commands\Server\rewrite.php(47): require_once('C:\\xampp\\htdocs...')
#11 {main}
CRITICAL - 2023-07-21 03:03:46 --> You have an error in your SQL syntax; check the manual that corresponds to your MariaDB server version for the right syntax to use near '?, 1, 0)) as total
FROM `tb_kirim_email`
JOIN `tb_member` ON `tb_member`.`id_...' at line 1
in SYSTEMPATH\Database\MySQLi\Connection.php on line 295.
 1 SYSTEMPATH\Database\MySQLi\Connection.php(295): mysqli->query('SELECT `nama_member`, SUM(IF(MONTH(tgl_kirim_email) = ?, 1, 0)) as total
FROM `tb_kirim_email`
JOIN `tb_member` ON `tb_member`.`id_member` = `tb_kirim_email`.`id_member`
WHERE YEAR(tgl_kirim_email) = \'2023\'
GROUP BY `tb_kirim_email`.`id_member`
 LIMIT 6', 0)
 2 SYSTEMPATH\Database\BaseConnection.php(692): CodeIgniter\Database\MySQLi\Connection->execute('SELECT `nama_member`, SUM(IF(MONTH(tgl_kirim_email) = ?, 1, 0)) as total
FROM `tb_kirim_email`
JOIN `tb_member` ON `tb_member`.`id_member` = `tb_kirim_email`.`id_member`
WHERE YEAR(tgl_kirim_email) = \'2023\'
GROUP BY `tb_kirim_email`.`id_member`
 LIMIT 6')
 3 SYSTEMPATH\Database\BaseConnection.php(606): CodeIgniter\Database\BaseConnection->simpleQuery('SELECT `nama_member`, SUM(IF(MONTH(tgl_kirim_email) = ?, 1, 0)) as total
FROM `tb_kirim_email`
JOIN `tb_member` ON `tb_member`.`id_member` = `tb_kirim_email`.`id_member`
WHERE YEAR(tgl_kirim_email) = \'2023\'
GROUP BY `tb_kirim_email`.`id_member`
 LIMIT 6')
 4 SYSTEMPATH\Database\BaseBuilder.php(1616): CodeIgniter\Database\BaseConnection->query('SELECT `nama_member`, SUM(IF(MONTH(tgl_kirim_email) = ?, 1, 0)) as total
FROM `tb_kirim_email`
JOIN `tb_member` ON `tb_member`.`id_member` = `tb_kirim_email`.`id_member`
WHERE YEAR(tgl_kirim_email) = :YEAR(tgl_kirim_email):
GROUP BY `tb_kirim_email`.`id_member`
 LIMIT 6', [...], false)
 5 APPPATH\Models\KirimEmailModel.php(37): CodeIgniter\Database\BaseBuilder->get(6)
 6 APPPATH\Controllers\MemberController.php(321): App\Models\KirimEmailModel->getLaporan('6', '2023')
 7 SYSTEMPATH\CodeIgniter.php(932): App\Controllers\MemberController->laporan()
 8 SYSTEMPATH\CodeIgniter.php(497): CodeIgniter\CodeIgniter->runController(Object(App\Controllers\MemberController))
 9 SYSTEMPATH\CodeIgniter.php(366): CodeIgniter\CodeIgniter->handleRequest(null, Object(Config\Cache), false)
10 FCPATH\index.php(67): CodeIgniter\CodeIgniter->run()
11 SYSTEMPATH\Commands\Server\rewrite.php(47): require_once('C:\\xampp\\htdocs\\ci_crud\\public\\index.php')
ERROR - 2023-07-21 03:03:48 --> mysqli_sql_exception: You have an error in your SQL syntax; check the manual that corresponds to your MariaDB server version for the right syntax to use near '?, 1, 0)) as total
FROM `tb_kirim_email`
JOIN `tb_member` ON `tb_member`.`id_...' at line 1 in C:\xampp\htdocs\ci_crud\system\Database\MySQLi\Connection.php:295
Stack trace:
#0 C:\xampp\htdocs\ci_crud\system\Database\MySQLi\Connection.php(295): mysqli->query('SELECT `nama_me...', 0)
#1 C:\xampp\htdocs\ci_crud\system\Database\BaseConnection.php(692): CodeIgniter\Database\MySQLi\Connection->execute('SELECT `nama_me...')
#2 C:\xampp\htdocs\ci_crud\system\Database\BaseConnection.php(606): CodeIgniter\Database\BaseConnection->simpleQuery('SELECT `nama_me...')
#3 C:\xampp\htdocs\ci_crud\system\Database\BaseBuilder.php(1616): CodeIgniter\Database\BaseConnection->query('SELECT `nama_me...', Array, false)
#4 C:\xampp\htdocs\ci_crud\app\Models\KirimEmailModel.php(37): CodeIgniter\Database\BaseBuilder->get(7)
#5 C:\xampp\htdocs\ci_crud\app\Controllers\MemberController.php(321): App\Models\KirimEmailModel->getLaporan('07', '2023')
#6 C:\xampp\htdocs\ci_crud\system\CodeIgniter.php(932): App\Controllers\MemberController->laporan()
#7 C:\xampp\htdocs\ci_crud\system\CodeIgniter.php(497): CodeIgniter\CodeIgniter->runController(Object(App\Controllers\MemberController))
#8 C:\xampp\htdocs\ci_crud\system\CodeIgniter.php(366): CodeIgniter\CodeIgniter->handleRequest(NULL, Object(Config\Cache), false)
#9 C:\xampp\htdocs\ci_crud\public\index.php(67): CodeIgniter\CodeIgniter->run()
#10 C:\xampp\htdocs\ci_crud\system\Commands\Server\rewrite.php(47): require_once('C:\\xampp\\htdocs...')
#11 {main}
CRITICAL - 2023-07-21 03:03:48 --> You have an error in your SQL syntax; check the manual that corresponds to your MariaDB server version for the right syntax to use near '?, 1, 0)) as total
FROM `tb_kirim_email`
JOIN `tb_member` ON `tb_member`.`id_...' at line 1
in SYSTEMPATH\Database\MySQLi\Connection.php on line 295.
 1 SYSTEMPATH\Database\MySQLi\Connection.php(295): mysqli->query('SELECT `nama_member`, SUM(IF(MONTH(tgl_kirim_email) = ?, 1, 0)) as total
FROM `tb_kirim_email`
JOIN `tb_member` ON `tb_member`.`id_member` = `tb_kirim_email`.`id_member`
WHERE YEAR(tgl_kirim_email) = \'2023\'
GROUP BY `tb_kirim_email`.`id_member`
 LIMIT 7', 0)
 2 SYSTEMPATH\Database\BaseConnection.php(692): CodeIgniter\Database\MySQLi\Connection->execute('SELECT `nama_member`, SUM(IF(MONTH(tgl_kirim_email) = ?, 1, 0)) as total
FROM `tb_kirim_email`
JOIN `tb_member` ON `tb_member`.`id_member` = `tb_kirim_email`.`id_member`
WHERE YEAR(tgl_kirim_email) = \'2023\'
GROUP BY `tb_kirim_email`.`id_member`
 LIMIT 7')
 3 SYSTEMPATH\Database\BaseConnection.php(606): CodeIgniter\Database\BaseConnection->simpleQuery('SELECT `nama_member`, SUM(IF(MONTH(tgl_kirim_email) = ?, 1, 0)) as total
FROM `tb_kirim_email`
JOIN `tb_member` ON `tb_member`.`id_member` = `tb_kirim_email`.`id_member`
WHERE YEAR(tgl_kirim_email) = \'2023\'
GROUP BY `tb_kirim_email`.`id_member`
 LIMIT 7')
 4 SYSTEMPATH\Database\BaseBuilder.php(1616): CodeIgniter\Database\BaseConnection->query('SELECT `nama_member`, SUM(IF(MONTH(tgl_kirim_email) = ?, 1, 0)) as total
FROM `tb_kirim_email`
JOIN `tb_member` ON `tb_member`.`id_member` = `tb_kirim_email`.`id_member`
WHERE YEAR(tgl_kirim_email) = :YEAR(tgl_kirim_email):
GROUP BY `tb_kirim_email`.`id_member`
 LIMIT 7', [...], false)
 5 APPPATH\Models\KirimEmailModel.php(37): CodeIgniter\Database\BaseBuilder->get(7)
 6 APPPATH\Controllers\MemberController.php(321): App\Models\KirimEmailModel->getLaporan('07', '2023')
 7 SYSTEMPATH\CodeIgniter.php(932): App\Controllers\MemberController->laporan()
 8 SYSTEMPATH\CodeIgniter.php(497): CodeIgniter\CodeIgniter->runController(Object(App\Controllers\MemberController))
 9 SYSTEMPATH\CodeIgniter.php(366): CodeIgniter\CodeIgniter->handleRequest(null, Object(Config\Cache), false)
10 FCPATH\index.php(67): CodeIgniter\CodeIgniter->run()
11 SYSTEMPATH\Commands\Server\rewrite.php(47): require_once('C:\\xampp\\htdocs\\ci_crud\\public\\index.php')
INFO - 2023-07-21 04:15:37 --> Session: Class initialized using 'CodeIgniter\Session\Handlers\FileHandler' driver.
INFO - 2023-07-21 04:15:49 --> Session: Class initialized using 'CodeIgniter\Session\Handlers\FileHandler' driver.
INFO - 2023-07-21 04:16:37 --> Session: Class initialized using 'CodeIgniter\Session\Handlers\FileHandler' driver.
INFO - 2023-07-21 04:17:08 --> Session: Class initialized using 'CodeIgniter\Session\Handlers\FileHandler' driver.
INFO - 2023-07-21 04:17:27 --> Session: Class initialized using 'CodeIgniter\Session\Handlers\FileHandler' driver.
INFO - 2023-07-21 04:17:56 --> Session: Class initialized using 'CodeIgniter\Session\Handlers\FileHandler' driver.
INFO - 2023-07-21 04:22:52 --> Session: Class initialized using 'CodeIgniter\Session\Handlers\FileHandler' driver.
INFO - 2023-07-21 04:23:03 --> Session: Class initialized using 'CodeIgniter\Session\Handlers\FileHandler' driver.
INFO - 2023-07-21 04:23:22 --> Session: Class initialized using 'CodeIgniter\Session\Handlers\FileHandler' driver.
INFO - 2023-07-21 04:28:04 --> Session: Class initialized using 'CodeIgniter\Session\Handlers\FileHandler' driver.
INFO - 2023-07-21 04:28:25 --> Session: Class initialized using 'CodeIgniter\Session\Handlers\FileHandler' driver.
INFO - 2023-07-21 06:08:22 --> Session: Class initialized using 'CodeIgniter\Session\Handlers\FileHandler' driver.
INFO - 2023-07-21 06:08:25 --> Session: Class initialized using 'CodeIgniter\Session\Handlers\FileHandler' driver.
INFO - 2023-07-21 06:08:26 --> Session: Class initialized using 'CodeIgniter\Session\Handlers\FileHandler' driver.
INFO - 2023-07-21 06:08:29 --> Session: Class initialized using 'CodeIgniter\Session\Handlers\FileHandler' driver.
INFO - 2023-07-21 06:08:34 --> Session: Class initialized using 'CodeIgniter\Session\Handlers\FileHandler' driver.
INFO - 2023-07-21 06:09:30 --> Session: Class initialized using 'CodeIgniter\Session\Handlers\FileHandler' driver.
INFO - 2023-07-21 06:11:03 --> Session: Class initialized using 'CodeIgniter\Session\Handlers\FileHandler' driver.
CRITICAL - 2023-07-21 06:14:41 --> Invalid file: "login.php"
in SYSTEMPATH\Exceptions\FrameworkException.php on line 33.
 1 SYSTEMPATH\View\View.php(212): CodeIgniter\Exceptions\FrameworkException::forInvalidFile('login.php')
 2 SYSTEMPATH\Common.php(1180): CodeIgniter\View\View->render('login', [], true)
 3 APPPATH\Controllers\MemberController.php(29): view('login', [...])
 4 SYSTEMPATH\CodeIgniter.php(932): App\Controllers\MemberController->login()
 5 SYSTEMPATH\CodeIgniter.php(497): CodeIgniter\CodeIgniter->runController(Object(App\Controllers\MemberController))
 6 SYSTEMPATH\CodeIgniter.php(366): CodeIgniter\CodeIgniter->handleRequest(null, Object(Config\Cache), false)
 7 FCPATH\index.php(67): CodeIgniter\CodeIgniter->run()
 8 SYSTEMPATH\Commands\Server\rewrite.php(47): require_once('C:\\xampp\\htdocs\\ci_crud\\public\\index.php')
INFO - 2023-07-21 06:17:06 --> Session: Class initialized using 'CodeIgniter\Session\Handlers\FileHandler' driver.
INFO - 2023-07-21 06:19:35 --> Session: Class initialized using 'CodeIgniter\Session\Handlers\FileHandler' driver.
INFO - 2023-07-21 06:19:36 --> Session: Class initialized using 'CodeIgniter\Session\Handlers\FileHandler' driver.
INFO - 2023-07-21 06:24:42 --> Session: Class initialized using 'CodeIgniter\Session\Handlers\FileHandler' driver.
INFO - 2023-07-21 06:25:25 --> Session: Class initialized using 'CodeIgniter\Session\Handlers\FileHandler' driver.
INFO - 2023-07-21 06:26:24 --> Session: Class initialized using 'CodeIgniter\Session\Handlers\FileHandler' driver.
INFO - 2023-07-21 06:28:20 --> Session: Class initialized using 'CodeIgniter\Session\Handlers\FileHandler' driver.
INFO - 2023-07-21 06:28:28 --> Session: Class initialized using 'CodeIgniter\Session\Handlers\FileHandler' driver.
INFO - 2023-07-21 06:28:53 --> Session: Class initialized using 'CodeIgniter\Session\Handlers\FileHandler' driver.
WARNING - 2023-07-21 06:30:03 --> [DEPRECATED] password_hash(): Passing null to parameter #1 ($password) of type string is deprecated in APPPATH\Controllers\MemberController.php on line 199.
 1 APPPATH\Controllers\MemberController.php(199): password_hash(Object(SensitiveParameterValue), '2y')
 2 SYSTEMPATH\CodeIgniter.php(932): App\Controllers\MemberController->simpan_kirim_email()
 3 SYSTEMPATH\CodeIgniter.php(497): CodeIgniter\CodeIgniter->runController(Object(App\Controllers\MemberController))
 4 SYSTEMPATH\CodeIgniter.php(366): CodeIgniter\CodeIgniter->handleRequest(null, Object(Config\Cache), false)
 5 FCPATH\index.php(67): CodeIgniter\CodeIgniter->run()
 6 SYSTEMPATH\Commands\Server\rewrite.php(47): require_once('C:\\xampp\\htdocs\\ci_crud\\public\\index.php')
INFO - 2023-07-21 06:30:03 --> Session: Class initialized using 'CodeIgniter\Session\Handlers\FileHandler' driver.
INFO - 2023-07-21 06:31:08 --> Session: Class initialized using 'CodeIgniter\Session\Handlers\FileHandler' driver.
INFO - 2023-07-21 06:33:18 --> Session: Class initialized using 'CodeIgniter\Session\Handlers\FileHandler' driver.
INFO - 2023-07-21 06:34:18 --> Session: Class initialized using 'CodeIgniter\Session\Handlers\FileHandler' driver.
INFO - 2023-07-21 06:34:19 --> Session: Class initialized using 'CodeIgniter\Session\Handlers\FileHandler' driver.
INFO - 2023-07-21 06:41:12 --> Session: Class initialized using 'CodeIgniter\Session\Handlers\FileHandler' driver.
CRITICAL - 2023-07-21 06:43:24 --> Invalid file: "login.php"
in SYSTEMPATH\Exceptions\FrameworkException.php on line 33.
 1 SYSTEMPATH\View\View.php(212): CodeIgniter\Exceptions\FrameworkException::forInvalidFile('login.php')
 2 SYSTEMPATH\Common.php(1180): CodeIgniter\View\View->render('login', [], true)
 3 APPPATH\Controllers\MemberController.php(14): view('login')
 4 SYSTEMPATH\CodeIgniter.php(932): App\Controllers\MemberController->login()
 5 SYSTEMPATH\CodeIgniter.php(497): CodeIgniter\CodeIgniter->runController(Object(App\Controllers\MemberController))
 6 SYSTEMPATH\CodeIgniter.php(366): CodeIgniter\CodeIgniter->handleRequest(null, Object(Config\Cache), false)
 7 FCPATH\index.php(67): CodeIgniter\CodeIgniter->run()
 8 SYSTEMPATH\Commands\Server\rewrite.php(47): require_once('C:\\xampp\\htdocs\\ci_crud\\public\\index.php')
INFO - 2023-07-21 06:44:18 --> Session: Class initialized using 'CodeIgniter\Session\Handlers\FileHandler' driver.
INFO - 2023-07-21 06:44:18 --> Session: Class initialized using 'CodeIgniter\Session\Handlers\FileHandler' driver.
INFO - 2023-07-21 06:44:21 --> Session: Class initialized using 'CodeIgniter\Session\Handlers\FileHandler' driver.
CRITICAL - 2023-07-21 06:50:59 --> Invalid file: "member/index.php"
in SYSTEMPATH\Exceptions\FrameworkException.php on line 33.
 1 SYSTEMPATH\View\View.php(212): CodeIgniter\Exceptions\FrameworkException::forInvalidFile('member/index.php')
 2 SYSTEMPATH\Common.php(1180): CodeIgniter\View\View->render('member/index', [], true)
 3 APPPATH\Controllers\MemberController.php(90): view('member/index', [...])
 4 SYSTEMPATH\CodeIgniter.php(932): App\Controllers\MemberController->index()
 5 SYSTEMPATH\CodeIgniter.php(497): CodeIgniter\CodeIgniter->runController(Object(App\Controllers\MemberController))
 6 SYSTEMPATH\CodeIgniter.php(366): CodeIgniter\CodeIgniter->handleRequest(null, Object(Config\Cache), false)
 7 FCPATH\index.php(67): CodeIgniter\CodeIgniter->run()
 8 SYSTEMPATH\Commands\Server\rewrite.php(47): require_once('C:\\xampp\\htdocs\\ci_crud\\public\\index.php')
INFO - 2023-07-21 06:51:20 --> Session: Class initialized using 'CodeIgniter\Session\Handlers\FileHandler' driver.
INFO - 2023-07-21 06:51:30 --> Session: Class initialized using 'CodeIgniter\Session\Handlers\FileHandler' driver.
INFO - 2023-07-21 06:51:58 --> Session: Class initialized using 'CodeIgniter\Session\Handlers\FileHandler' driver.
WARNING - 2023-07-21 06:52:10 --> [DEPRECATED] password_hash(): Passing null to parameter #1 ($password) of type string is deprecated in APPPATH\Controllers\MemberController.php on line 234.
 1 APPPATH\Controllers\MemberController.php(234): password_hash(Object(SensitiveParameterValue), '2y')
 2 SYSTEMPATH\CodeIgniter.php(932): App\Controllers\MemberController->simpan_kirim_email()
 3 SYSTEMPATH\CodeIgniter.php(497): CodeIgniter\CodeIgniter->runController(Object(App\Controllers\MemberController))
 4 SYSTEMPATH\CodeIgniter.php(366): CodeIgniter\CodeIgniter->handleRequest(null, Object(Config\Cache), false)
 5 FCPATH\index.php(67): CodeIgniter\CodeIgniter->run()
 6 SYSTEMPATH\Commands\Server\rewrite.php(47): require_once('C:\\xampp\\htdocs\\ci_crud\\public\\index.php')
INFO - 2023-07-21 06:52:10 --> Session: Class initialized using 'CodeIgniter\Session\Handlers\FileHandler' driver.
INFO - 2023-07-21 06:53:01 --> Session: Class initialized using 'CodeIgniter\Session\Handlers\FileHandler' driver.
INFO - 2023-07-21 06:53:09 --> Session: Class initialized using 'CodeIgniter\Session\Handlers\FileHandler' driver.
INFO - 2023-07-21 06:55:44 --> Session: Class initialized using 'CodeIgniter\Session\Handlers\FileHandler' driver.
INFO - 2023-07-21 06:57:42 --> Session: Class initialized using 'CodeIgniter\Session\Handlers\FileHandler' driver.
INFO - 2023-07-21 06:57:45 --> Session: Class initialized using 'CodeIgniter\Session\Handlers\FileHandler' driver.
INFO - 2023-07-21 06:58:52 --> Session: Class initialized using 'CodeIgniter\Session\Handlers\FileHandler' driver.
INFO - 2023-07-21 06:58:53 --> Session: Class initialized using 'CodeIgniter\Session\Handlers\FileHandler' driver.
INFO - 2023-07-21 06:58:57 --> Session: Class initialized using 'CodeIgniter\Session\Handlers\FileHandler' driver.
INFO - 2023-07-21 06:59:01 --> Session: Class initialized using 'CodeIgniter\Session\Handlers\FileHandler' driver.
INFO - 2023-07-21 06:59:08 --> Session: Class initialized using 'CodeIgniter\Session\Handlers\FileHandler' driver.
WARNING - 2023-07-21 06:59:18 --> [DEPRECATED] password_hash(): Passing null to parameter #1 ($password) of type string is deprecated in APPPATH\Controllers\MemberController.php on line 245.
 1 APPPATH\Controllers\MemberController.php(245): password_hash(Object(SensitiveParameterValue), '2y')
 2 SYSTEMPATH\CodeIgniter.php(932): App\Controllers\MemberController->simpan_kirim_email()
 3 SYSTEMPATH\CodeIgniter.php(497): CodeIgniter\CodeIgniter->runController(Object(App\Controllers\MemberController))
 4 SYSTEMPATH\CodeIgniter.php(366): CodeIgniter\CodeIgniter->handleRequest(null, Object(Config\Cache), false)
 5 FCPATH\index.php(67): CodeIgniter\CodeIgniter->run()
 6 SYSTEMPATH\Commands\Server\rewrite.php(47): require_once('C:\\xampp\\htdocs\\ci_crud\\public\\index.php')
INFO - 2023-07-21 06:59:18 --> Session: Class initialized using 'CodeIgniter\Session\Handlers\FileHandler' driver.
INFO - 2023-07-21 07:00:34 --> Session: Class initialized using 'CodeIgniter\Session\Handlers\FileHandler' driver.
WARNING - 2023-07-21 07:00:38 --> [DEPRECATED] password_hash(): Passing null to parameter #1 ($password) of type string is deprecated in APPPATH\Controllers\MemberController.php on line 245.
 1 APPPATH\Controllers\MemberController.php(245): password_hash(Object(SensitiveParameterValue), '2y')
 2 SYSTEMPATH\CodeIgniter.php(932): App\Controllers\MemberController->simpan_kirim_email()
 3 SYSTEMPATH\CodeIgniter.php(497): CodeIgniter\CodeIgniter->runController(Object(App\Controllers\MemberController))
 4 SYSTEMPATH\CodeIgniter.php(366): CodeIgniter\CodeIgniter->handleRequest(null, Object(Config\Cache), false)
 5 FCPATH\index.php(67): CodeIgniter\CodeIgniter->run()
 6 SYSTEMPATH\Commands\Server\rewrite.php(47): require_once('C:\\xampp\\htdocs\\ci_crud\\public\\index.php')
INFO - 2023-07-21 07:00:38 --> Session: Class initialized using 'CodeIgniter\Session\Handlers\FileHandler' driver.
INFO - 2023-07-21 07:01:07 --> Session: Class initialized using 'CodeIgniter\Session\Handlers\FileHandler' driver.
INFO - 2023-07-21 07:01:13 --> Session: Class initialized using 'CodeIgniter\Session\Handlers\FileHandler' driver.
INFO - 2023-07-21 07:02:44 --> Session: Class initialized using 'CodeIgniter\Session\Handlers\FileHandler' driver.
INFO - 2023-07-21 07:02:59 --> Session: Class initialized using 'CodeIgniter\Session\Handlers\FileHandler' driver.
INFO - 2023-07-21 07:03:02 --> Session: Class initialized using 'CodeIgniter\Session\Handlers\FileHandler' driver.
INFO - 2023-07-21 07:03:06 --> Session: Class initialized using 'CodeIgniter\Session\Handlers\FileHandler' driver.
INFO - 2023-07-21 07:04:00 --> Session: Class initialized using 'CodeIgniter\Session\Handlers\FileHandler' driver.
INFO - 2023-07-21 07:05:49 --> Session: Class initialized using 'CodeIgniter\Session\Handlers\FileHandler' driver.
INFO - 2023-07-21 07:09:24 --> Session: Class initialized using 'CodeIgniter\Session\Handlers\FileHandler' driver.
INFO - 2023-07-21 07:20:33 --> Session: Class initialized using 'CodeIgniter\Session\Handlers\FileHandler' driver.
INFO - 2023-07-21 07:20:42 --> Session: Class initialized using 'CodeIgniter\Session\Handlers\FileHandler' driver.
INFO - 2023-07-21 07:41:30 --> Session: Class initialized using 'CodeIgniter\Session\Handlers\FileHandler' driver.
CRITICAL - 2023-07-21 07:41:41 --> Class "App\Controllers\MemberModel" not found
in APPPATH\Controllers\AuthController.php on line 16.
 1 SYSTEMPATH\CodeIgniter.php(932): App\Controllers\AuthController->processLogin()
 2 SYSTEMPATH\CodeIgniter.php(497): CodeIgniter\CodeIgniter->runController(Object(App\Controllers\AuthController))
 3 SYSTEMPATH\CodeIgniter.php(366): CodeIgniter\CodeIgniter->handleRequest(null, Object(Config\Cache), false)
 4 FCPATH\index.php(67): CodeIgniter\CodeIgniter->run()
 5 SYSTEMPATH\Commands\Server\rewrite.php(47): require_once('C:\\xampp\\htdocs\\ci_crud\\public\\index.php')
INFO - 2023-07-21 07:42:12 --> Session: Class initialized using 'CodeIgniter\Session\Handlers\FileHandler' driver.
INFO - 2023-07-21 07:42:12 --> Session: Class initialized using 'CodeIgniter\Session\Handlers\FileHandler' driver.
INFO - 2023-07-21 07:42:17 --> Session: Class initialized using 'CodeIgniter\Session\Handlers\FileHandler' driver.
INFO - 2023-07-21 07:42:17 --> Session: Class initialized using 'CodeIgniter\Session\Handlers\FileHandler' driver.
INFO - 2023-07-21 07:43:43 --> Session: Class initialized using 'CodeIgniter\Session\Handlers\FileHandler' driver.
INFO - 2023-07-21 07:43:44 --> Session: Class initialized using 'CodeIgniter\Session\Handlers\FileHandler' driver.
INFO - 2023-07-21 07:44:21 --> Session: Class initialized using 'CodeIgniter\Session\Handlers\FileHandler' driver.
INFO - 2023-07-21 07:44:22 --> Session: Class initialized using 'CodeIgniter\Session\Handlers\FileHandler' driver.
INFO - 2023-07-21 07:45:10 --> Session: Class initialized using 'CodeIgniter\Session\Handlers\FileHandler' driver.
INFO - 2023-07-21 07:46:34 --> Session: Class initialized using 'CodeIgniter\Session\Handlers\FileHandler' driver.
INFO - 2023-07-21 07:46:47 --> Session: Class initialized using 'CodeIgniter\Session\Handlers\FileHandler' driver.
INFO - 2023-07-21 07:46:47 --> Session: Class initialized using 'CodeIgniter\Session\Handlers\FileHandler' driver.
INFO - 2023-07-21 07:47:00 --> Session: Class initialized using 'CodeIgniter\Session\Handlers\FileHandler' driver.
INFO - 2023-07-21 07:47:03 --> Session: Class initialized using 'CodeIgniter\Session\Handlers\FileHandler' driver.
INFO - 2023-07-21 07:47:03 --> Session: Class initialized using 'CodeIgniter\Session\Handlers\FileHandler' driver.
INFO - 2023-07-21 07:47:22 --> Session: Class initialized using 'CodeIgniter\Session\Handlers\FileHandler' driver.
INFO - 2023-07-21 07:54:10 --> Session: Class initialized using 'CodeIgniter\Session\Handlers\FileHandler' driver.
INFO - 2023-07-21 08:02:27 --> Session: Class initialized using 'CodeIgniter\Session\Handlers\FileHandler' driver.
CRITICAL - 2023-07-21 08:24:41 --> Class "Config\RouteCollection" not found
in APPPATH\Config\Routes.php on line 38.
 1 SYSTEMPATH\Router\RouteCollection.php(267): require()
 2 SYSTEMPATH\CodeIgniter.php(800): CodeIgniter\Router\RouteCollection->loadRoutes()
 3 SYSTEMPATH\CodeIgniter.php(447): CodeIgniter\CodeIgniter->tryToRouteIt(null)
 4 SYSTEMPATH\CodeIgniter.php(366): CodeIgniter\CodeIgniter->handleRequest(null, Object(Config\Cache), false)
 5 FCPATH\index.php(67): CodeIgniter\CodeIgniter->run()
 6 SYSTEMPATH\Commands\Server\rewrite.php(47): require_once('C:\\xampp\\htdocs\\ci_crud\\public\\index.php')
CRITICAL - 2023-07-21 08:24:45 --> Class "Config\RouteCollection" not found
in APPPATH\Config\Routes.php on line 38.
 1 SYSTEMPATH\Router\RouteCollection.php(267): require()
 2 SYSTEMPATH\CodeIgniter.php(800): CodeIgniter\Router\RouteCollection->loadRoutes()
 3 SYSTEMPATH\CodeIgniter.php(447): CodeIgniter\CodeIgniter->tryToRouteIt(null)
 4 SYSTEMPATH\CodeIgniter.php(366): CodeIgniter\CodeIgniter->handleRequest(null, Object(Config\Cache), false)
 5 FCPATH\index.php(67): CodeIgniter\CodeIgniter->run()
 6 SYSTEMPATH\Commands\Server\rewrite.php(47): require_once('C:\\xampp\\htdocs\\ci_crud\\public\\index.php')
CRITICAL - 2023-07-21 08:24:47 --> Class "Config\RouteCollection" not found
in APPPATH\Config\Routes.php on line 38.
 1 SYSTEMPATH\Router\RouteCollection.php(267): require()
 2 SYSTEMPATH\CodeIgniter.php(800): CodeIgniter\Router\RouteCollection->loadRoutes()
 3 SYSTEMPATH\CodeIgniter.php(447): CodeIgniter\CodeIgniter->tryToRouteIt(null)
 4 SYSTEMPATH\CodeIgniter.php(366): CodeIgniter\CodeIgniter->handleRequest(null, Object(Config\Cache), false)
 5 FCPATH\index.php(67): CodeIgniter\CodeIgniter->run()
 6 SYSTEMPATH\Commands\Server\rewrite.php(47): require_once('C:\\xampp\\htdocs\\ci_crud\\public\\index.php')
CRITICAL - 2023-07-21 08:24:52 --> Class "Config\RouteCollection" not found
in APPPATH\Config\Routes.php on line 38.
 1 SYSTEMPATH\Router\RouteCollection.php(267): require()
 2 SYSTEMPATH\CodeIgniter.php(800): CodeIgniter\Router\RouteCollection->loadRoutes()
 3 SYSTEMPATH\CodeIgniter.php(447): CodeIgniter\CodeIgniter->tryToRouteIt(null)
 4 SYSTEMPATH\CodeIgniter.php(366): CodeIgniter\CodeIgniter->handleRequest(null, Object(Config\Cache), false)
 5 FCPATH\index.php(67): CodeIgniter\CodeIgniter->run()
 6 SYSTEMPATH\Commands\Server\rewrite.php(47): require_once('C:\\xampp\\htdocs\\ci_crud\\public\\index.php')
CRITICAL - 2023-07-21 08:27:26 --> Class "Config\RouteCollection" not found
in APPPATH\Config\Routes.php on line 36.
 1 SYSTEMPATH\Router\RouteCollection.php(267): require()
 2 SYSTEMPATH\CodeIgniter.php(800): CodeIgniter\Router\RouteCollection->loadRoutes()
 3 SYSTEMPATH\CodeIgniter.php(447): CodeIgniter\CodeIgniter->tryToRouteIt(null)
 4 SYSTEMPATH\CodeIgniter.php(366): CodeIgniter\CodeIgniter->handleRequest(null, Object(Config\Cache), false)
 5 FCPATH\index.php(67): CodeIgniter\CodeIgniter->run()
 6 SYSTEMPATH\Commands\Server\rewrite.php(47): require_once('C:\\xampp\\htdocs\\ci_crud\\public\\index.php')
CRITICAL - 2023-07-21 08:27:49 --> CodeIgniter\Router\RouteCollection::Config\{closure}(): Argument #1 ($routes) must be of type Config\RouteGroup, CodeIgniter\Router\RouteCollection given, called in C:\xampp\htdocs\ci_crud\system\Router\RouteCollection.php on line 678
in APPPATH\Config\Routes.php on line 39.
 1 SYSTEMPATH\Router\RouteCollection.php(678): CodeIgniter\Router\RouteCollection->Config\{closure}(Object(CodeIgniter\Router\RouteCollection))
 2 APPPATH\Config\Routes.php(39): CodeIgniter\Router\RouteCollection->group('member', [...], Object(Closure))
 3 SYSTEMPATH\Router\RouteCollection.php(267): require('C:\\xampp\\htdocs\\ci_crud\\app\\Config\\Routes.php')
 4 SYSTEMPATH\CodeIgniter.php(800): CodeIgniter\Router\RouteCollection->loadRoutes()
 5 SYSTEMPATH\CodeIgniter.php(447): CodeIgniter\CodeIgniter->tryToRouteIt(null)
 6 SYSTEMPATH\CodeIgniter.php(366): CodeIgniter\CodeIgniter->handleRequest(null, Object(Config\Cache), false)
 7 FCPATH\index.php(67): CodeIgniter\CodeIgniter->run()
 8 SYSTEMPATH\Commands\Server\rewrite.php(47): require_once('C:\\xampp\\htdocs\\ci_crud\\public\\index.php')
CRITICAL - 2023-07-21 08:28:58 --> CodeIgniter\Router\RouteCollection::Config\{closure}(): Argument #1 ($routes) must be of type Config\RouteGroup, CodeIgniter\Router\RouteCollection given, called in C:\xampp\htdocs\ci_crud\system\Router\RouteCollection.php on line 678
in APPPATH\Config\Routes.php on line 36.
 1 SYSTEMPATH\Router\RouteCollection.php(678): CodeIgniter\Router\RouteCollection->Config\{closure}(Object(CodeIgniter\Router\RouteCollection))
 2 APPPATH\Config\Routes.php(36): CodeIgniter\Router\RouteCollection->group('member', [...], Object(Closure))
 3 SYSTEMPATH\Router\RouteCollection.php(267): require('C:\\xampp\\htdocs\\ci_crud\\app\\Config\\Routes.php')
 4 SYSTEMPATH\CodeIgniter.php(800): CodeIgniter\Router\RouteCollection->loadRoutes()
 5 SYSTEMPATH\CodeIgniter.php(447): CodeIgniter\CodeIgniter->tryToRouteIt(null)
 6 SYSTEMPATH\CodeIgniter.php(366): CodeIgniter\CodeIgniter->handleRequest(null, Object(Config\Cache), false)
 7 FCPATH\index.php(67): CodeIgniter\CodeIgniter->run()
 8 SYSTEMPATH\Commands\Server\rewrite.php(47): require_once('C:\\xampp\\htdocs\\ci_crud\\public\\index.php')
INFO - 2023-07-21 08:32:16 --> Session: Class initialized using 'CodeIgniter\Session\Handlers\FileHandler' driver.
INFO - 2023-07-21 08:49:08 --> Session: Class initialized using 'CodeIgniter\Session\Handlers\FileHandler' driver.
INFO - 2023-07-21 08:53:03 --> Session: Class initialized using 'CodeIgniter\Session\Handlers\FileHandler' driver.
INFO - 2023-07-21 08:59:57 --> Session: Class initialized using 'CodeIgniter\Session\Handlers\FileHandler' driver.
INFO - 2023-07-21 09:00:34 --> Session: Class initialized using 'CodeIgniter\Session\Handlers\FileHandler' driver.
